ARM GAS  C:\Users\Korolev\AppData\Local\Temp\ccMAXU4m.s 			page 1


   1              		.cpu cortex-m4
   2              		.arch armv7e-m
   3              		.fpu fpv4-sp-d16
   4              		.eabi_attribute 27, 1
   5              		.eabi_attribute 28, 1
   6              		.eabi_attribute 20, 1
   7              		.eabi_attribute 21, 1
   8              		.eabi_attribute 23, 3
   9              		.eabi_attribute 24, 1
  10              		.eabi_attribute 25, 1
  11              		.eabi_attribute 26, 1
  12              		.eabi_attribute 30, 6
  13              		.eabi_attribute 34, 1
  14              		.eabi_attribute 18, 4
  15              		.file	"gpio.c"
  16              		.text
  17              	.Ltext0:
  18              		.cfi_sections	.debug_frame
  19              		.file 1 "Core/Src/gpio.c"
  20              		.section	.text.MX_GPIO_Init,"ax",%progbits
  21              		.align	1
  22              		.global	MX_GPIO_Init
  23              		.syntax unified
  24              		.thumb
  25              		.thumb_func
  27              	MX_GPIO_Init:
  28              	.LFB130:
   1:Core/Src/gpio.c **** /* USER CODE BEGIN Header */
   2:Core/Src/gpio.c **** /**
   3:Core/Src/gpio.c ****   ******************************************************************************
   4:Core/Src/gpio.c ****   * @file    gpio.c
   5:Core/Src/gpio.c ****   * @brief   This file provides code for the configuration
   6:Core/Src/gpio.c ****   *          of all used GPIO pins.
   7:Core/Src/gpio.c ****   ******************************************************************************
   8:Core/Src/gpio.c ****   * @attention
   9:Core/Src/gpio.c ****   *
  10:Core/Src/gpio.c ****   * Copyright (c) 2025 STMicroelectronics.
  11:Core/Src/gpio.c ****   * All rights reserved.
  12:Core/Src/gpio.c ****   *
  13:Core/Src/gpio.c ****   * This software is licensed under terms that can be found in the LICENSE file
  14:Core/Src/gpio.c ****   * in the root directory of this software component.
  15:Core/Src/gpio.c ****   * If no LICENSE file comes with this software, it is provided AS-IS.
  16:Core/Src/gpio.c ****   *
  17:Core/Src/gpio.c ****   ******************************************************************************
  18:Core/Src/gpio.c ****   */
  19:Core/Src/gpio.c **** /* USER CODE END Header */
  20:Core/Src/gpio.c **** 
  21:Core/Src/gpio.c **** /* Includes ------------------------------------------------------------------*/
  22:Core/Src/gpio.c **** #include "gpio.h"
  23:Core/Src/gpio.c **** 
  24:Core/Src/gpio.c **** /* USER CODE BEGIN 0 */
  25:Core/Src/gpio.c **** 
  26:Core/Src/gpio.c **** /* USER CODE END 0 */
  27:Core/Src/gpio.c **** 
  28:Core/Src/gpio.c **** /*----------------------------------------------------------------------------*/
  29:Core/Src/gpio.c **** /* Configure GPIO                                                             */
  30:Core/Src/gpio.c **** /*----------------------------------------------------------------------------*/
ARM GAS  C:\Users\Korolev\AppData\Local\Temp\ccMAXU4m.s 			page 2


  31:Core/Src/gpio.c **** /* USER CODE BEGIN 1 */
  32:Core/Src/gpio.c **** 
  33:Core/Src/gpio.c **** /* USER CODE END 1 */
  34:Core/Src/gpio.c **** 
  35:Core/Src/gpio.c **** /** Configure pins as
  36:Core/Src/gpio.c ****         * Analog
  37:Core/Src/gpio.c ****         * Input
  38:Core/Src/gpio.c ****         * Output
  39:Core/Src/gpio.c ****         * EVENT_OUT
  40:Core/Src/gpio.c ****         * EXTI
  41:Core/Src/gpio.c **** */
  42:Core/Src/gpio.c **** void MX_GPIO_Init(void)
  43:Core/Src/gpio.c **** {
  29              		.loc 1 43 1
  30              		.cfi_startproc
  31              		@ args = 0, pretend = 0, frame = 32
  32              		@ frame_needed = 1, uses_anonymous_args = 0
  33 0000 80B5     		push	{r7, lr}
  34              		.cfi_def_cfa_offset 8
  35              		.cfi_offset 7, -8
  36              		.cfi_offset 14, -4
  37 0002 88B0     		sub	sp, sp, #32
  38              		.cfi_def_cfa_offset 40
  39 0004 00AF     		add	r7, sp, #0
  40              		.cfi_def_cfa_register 7
  44:Core/Src/gpio.c **** 
  45:Core/Src/gpio.c ****   GPIO_InitTypeDef GPIO_InitStruct = {0};
  41              		.loc 1 45 20
  42 0006 07F10C03 		add	r3, r7, #12
  43 000a 0022     		movs	r2, #0
  44 000c 1A60     		str	r2, [r3]
  45 000e 5A60     		str	r2, [r3, #4]
  46 0010 9A60     		str	r2, [r3, #8]
  47 0012 DA60     		str	r2, [r3, #12]
  48 0014 1A61     		str	r2, [r3, #16]
  49              	.LBB2:
  46:Core/Src/gpio.c **** 
  47:Core/Src/gpio.c ****   /* GPIO Ports Clock Enable */
  48:Core/Src/gpio.c ****   __HAL_RCC_GPIOH_CLK_ENABLE();
  50              		.loc 1 48 3
  51 0016 0023     		movs	r3, #0
  52 0018 BB60     		str	r3, [r7, #8]
  53 001a 194B     		ldr	r3, .L2
  54 001c 1B6B     		ldr	r3, [r3, #48]
  55 001e 184A     		ldr	r2, .L2
  56 0020 43F08003 		orr	r3, r3, #128
  57 0024 1363     		str	r3, [r2, #48]
  58 0026 164B     		ldr	r3, .L2
  59 0028 1B6B     		ldr	r3, [r3, #48]
  60 002a 03F08003 		and	r3, r3, #128
  61 002e BB60     		str	r3, [r7, #8]
  62 0030 BB68     		ldr	r3, [r7, #8]
  63              	.LBE2:
  64              	.LBB3:
  49:Core/Src/gpio.c ****   __HAL_RCC_GPIOE_CLK_ENABLE();
  65              		.loc 1 49 3
  66 0032 0023     		movs	r3, #0
ARM GAS  C:\Users\Korolev\AppData\Local\Temp\ccMAXU4m.s 			page 3


  67 0034 7B60     		str	r3, [r7, #4]
  68 0036 124B     		ldr	r3, .L2
  69 0038 1B6B     		ldr	r3, [r3, #48]
  70 003a 114A     		ldr	r2, .L2
  71 003c 43F01003 		orr	r3, r3, #16
  72 0040 1363     		str	r3, [r2, #48]
  73 0042 0F4B     		ldr	r3, .L2
  74 0044 1B6B     		ldr	r3, [r3, #48]
  75 0046 03F01003 		and	r3, r3, #16
  76 004a 7B60     		str	r3, [r7, #4]
  77 004c 7B68     		ldr	r3, [r7, #4]
  78              	.LBE3:
  50:Core/Src/gpio.c **** 
  51:Core/Src/gpio.c ****   /*Configure GPIO pin Output Level */
  52:Core/Src/gpio.c ****   HAL_GPIO_WritePin(GPIOE, GPIO_PIN_8|GPIO_PIN_10|GPIO_PIN_12, GPIO_PIN_RESET);
  79              		.loc 1 52 3
  80 004e 0022     		movs	r2, #0
  81 0050 4FF4A851 		mov	r1, #5376
  82 0054 0B48     		ldr	r0, .L2+4
  83 0056 FFF7FEFF 		bl	HAL_GPIO_WritePin
  53:Core/Src/gpio.c **** 
  54:Core/Src/gpio.c ****   /*Configure GPIO pins : PE8 PE10 PE12 */
  55:Core/Src/gpio.c ****   GPIO_InitStruct.Pin = GPIO_PIN_8|GPIO_PIN_10|GPIO_PIN_12;
  84              		.loc 1 55 23
  85 005a 4FF4A853 		mov	r3, #5376
  86 005e FB60     		str	r3, [r7, #12]
  56:Core/Src/gpio.c ****   GPIO_InitStruct.Mode = GPIO_MODE_OUTPUT_PP;
  87              		.loc 1 56 24
  88 0060 0123     		movs	r3, #1
  89 0062 3B61     		str	r3, [r7, #16]
  57:Core/Src/gpio.c ****   GPIO_InitStruct.Pull = GPIO_NOPULL;
  90              		.loc 1 57 24
  91 0064 0023     		movs	r3, #0
  92 0066 7B61     		str	r3, [r7, #20]
  58:Core/Src/gpio.c ****   GPIO_InitStruct.Speed = GPIO_SPEED_FREQ_LOW;
  93              		.loc 1 58 25
  94 0068 0023     		movs	r3, #0
  95 006a BB61     		str	r3, [r7, #24]
  59:Core/Src/gpio.c ****   HAL_GPIO_Init(GPIOE, &GPIO_InitStruct);
  96              		.loc 1 59 3
  97 006c 07F10C03 		add	r3, r7, #12
  98 0070 1946     		mov	r1, r3
  99 0072 0448     		ldr	r0, .L2+4
 100 0074 FFF7FEFF 		bl	HAL_GPIO_Init
  60:Core/Src/gpio.c **** 
  61:Core/Src/gpio.c **** }
 101              		.loc 1 61 1
 102 0078 00BF     		nop
 103 007a 2037     		adds	r7, r7, #32
 104              		.cfi_def_cfa_offset 8
 105 007c BD46     		mov	sp, r7
 106              		.cfi_def_cfa_register 13
 107              		@ sp needed
 108 007e 80BD     		pop	{r7, pc}
 109              	.L3:
 110              		.align	2
 111              	.L2:
ARM GAS  C:\Users\Korolev\AppData\Local\Temp\ccMAXU4m.s 			page 4


 112 0080 00380240 		.word	1073887232
 113 0084 00100240 		.word	1073876992
 114              		.cfi_endproc
 115              	.LFE130:
 117              		.text
 118              	.Letext0:
 119              		.file 2 "Drivers/STM32F4xx_HAL_Driver/Inc/stm32f4xx_hal_gpio.h"
ARM GAS  C:\Users\Korolev\AppData\Local\Temp\ccMAXU4m.s 			page 5


DEFINED SYMBOLS
                            *ABS*:00000000 gpio.c
C:\Users\Korolev\AppData\Local\Temp\ccMAXU4m.s:21     .text.MX_GPIO_Init:00000000 $t
C:\Users\Korolev\AppData\Local\Temp\ccMAXU4m.s:27     .text.MX_GPIO_Init:00000000 MX_GPIO_Init
C:\Users\Korolev\AppData\Local\Temp\ccMAXU4m.s:112    .text.MX_GPIO_Init:00000080 $d

UNDEFINED SYMBOLS
HAL_GPIO_WritePin
HAL_GPIO_Init
