ARM GAS  C:\Users\Korolev\AppData\Local\Temp\ccQQi6dI.s 			page 1


   1              		.cpu cortex-m4
   2              		.arch armv7e-m
   3              		.fpu fpv4-sp-d16
   4              		.eabi_attribute 27, 1
   5              		.eabi_attribute 28, 1
   6              		.eabi_attribute 20, 1
   7              		.eabi_attribute 21, 1
   8              		.eabi_attribute 23, 3
   9              		.eabi_attribute 24, 1
  10              		.eabi_attribute 25, 1
  11              		.eabi_attribute 26, 1
  12              		.eabi_attribute 30, 6
  13              		.eabi_attribute 34, 1
  14              		.eabi_attribute 18, 4
  15              		.file	"stm32f4xx_hal_exti.c"
  16              		.text
  17              	.Ltext0:
  18              		.cfi_sections	.debug_frame
  19              		.file 1 "Drivers/STM32F4xx_HAL_Driver/Src/stm32f4xx_hal_exti.c"
  20              		.section	.text.HAL_EXTI_SetConfigLine,"ax",%progbits
  21              		.align	1
  22              		.global	HAL_EXTI_SetConfigLine
  23              		.syntax unified
  24              		.thumb
  25              		.thumb_func
  27              	HAL_EXTI_SetConfigLine:
  28              	.LFB130:
   1:Drivers/STM32F4xx_HAL_Driver/Src/stm32f4xx_hal_exti.c **** /**
   2:Drivers/STM32F4xx_HAL_Driver/Src/stm32f4xx_hal_exti.c ****   ******************************************************************************
   3:Drivers/STM32F4xx_HAL_Driver/Src/stm32f4xx_hal_exti.c ****   * @file    stm32f4xx_hal_exti.c
   4:Drivers/STM32F4xx_HAL_Driver/Src/stm32f4xx_hal_exti.c ****   * @author  MCD Application Team
   5:Drivers/STM32F4xx_HAL_Driver/Src/stm32f4xx_hal_exti.c ****   * @brief   EXTI HAL module driver.
   6:Drivers/STM32F4xx_HAL_Driver/Src/stm32f4xx_hal_exti.c ****   *          This file provides firmware functions to manage the following
   7:Drivers/STM32F4xx_HAL_Driver/Src/stm32f4xx_hal_exti.c ****   *          functionalities of the Extended Interrupts and events controller (EXTI) peripheral:
   8:Drivers/STM32F4xx_HAL_Driver/Src/stm32f4xx_hal_exti.c ****   *           + Initialization and de-initialization functions
   9:Drivers/STM32F4xx_HAL_Driver/Src/stm32f4xx_hal_exti.c ****   *           + IO operation functions
  10:Drivers/STM32F4xx_HAL_Driver/Src/stm32f4xx_hal_exti.c ****   *
  11:Drivers/STM32F4xx_HAL_Driver/Src/stm32f4xx_hal_exti.c ****   ******************************************************************************
  12:Drivers/STM32F4xx_HAL_Driver/Src/stm32f4xx_hal_exti.c ****   * @attention
  13:Drivers/STM32F4xx_HAL_Driver/Src/stm32f4xx_hal_exti.c ****   *
  14:Drivers/STM32F4xx_HAL_Driver/Src/stm32f4xx_hal_exti.c ****   * Copyright (c) 2018 STMicroelectronics.
  15:Drivers/STM32F4xx_HAL_Driver/Src/stm32f4xx_hal_exti.c ****   * All rights reserved.
  16:Drivers/STM32F4xx_HAL_Driver/Src/stm32f4xx_hal_exti.c ****   *
  17:Drivers/STM32F4xx_HAL_Driver/Src/stm32f4xx_hal_exti.c ****   * This software is licensed under terms that can be found in the LICENSE file
  18:Drivers/STM32F4xx_HAL_Driver/Src/stm32f4xx_hal_exti.c ****   * in the root directory of this software component.
  19:Drivers/STM32F4xx_HAL_Driver/Src/stm32f4xx_hal_exti.c ****   * If no LICENSE file comes with this software, it is provided AS-IS.
  20:Drivers/STM32F4xx_HAL_Driver/Src/stm32f4xx_hal_exti.c ****   *
  21:Drivers/STM32F4xx_HAL_Driver/Src/stm32f4xx_hal_exti.c ****   ******************************************************************************
  22:Drivers/STM32F4xx_HAL_Driver/Src/stm32f4xx_hal_exti.c ****   @verbatim
  23:Drivers/STM32F4xx_HAL_Driver/Src/stm32f4xx_hal_exti.c ****   ==============================================================================
  24:Drivers/STM32F4xx_HAL_Driver/Src/stm32f4xx_hal_exti.c ****                     ##### EXTI Peripheral features #####
  25:Drivers/STM32F4xx_HAL_Driver/Src/stm32f4xx_hal_exti.c ****   ==============================================================================
  26:Drivers/STM32F4xx_HAL_Driver/Src/stm32f4xx_hal_exti.c ****   [..]
  27:Drivers/STM32F4xx_HAL_Driver/Src/stm32f4xx_hal_exti.c ****     (+) Each Exti line can be configured within this driver.
  28:Drivers/STM32F4xx_HAL_Driver/Src/stm32f4xx_hal_exti.c **** 
  29:Drivers/STM32F4xx_HAL_Driver/Src/stm32f4xx_hal_exti.c ****     (+) Exti line can be configured in 3 different modes
  30:Drivers/STM32F4xx_HAL_Driver/Src/stm32f4xx_hal_exti.c ****         (++) Interrupt
ARM GAS  C:\Users\Korolev\AppData\Local\Temp\ccQQi6dI.s 			page 2


  31:Drivers/STM32F4xx_HAL_Driver/Src/stm32f4xx_hal_exti.c ****         (++) Event
  32:Drivers/STM32F4xx_HAL_Driver/Src/stm32f4xx_hal_exti.c ****         (++) Both of them
  33:Drivers/STM32F4xx_HAL_Driver/Src/stm32f4xx_hal_exti.c **** 
  34:Drivers/STM32F4xx_HAL_Driver/Src/stm32f4xx_hal_exti.c ****     (+) Configurable Exti lines can be configured with 3 different triggers
  35:Drivers/STM32F4xx_HAL_Driver/Src/stm32f4xx_hal_exti.c ****         (++) Rising
  36:Drivers/STM32F4xx_HAL_Driver/Src/stm32f4xx_hal_exti.c ****         (++) Falling
  37:Drivers/STM32F4xx_HAL_Driver/Src/stm32f4xx_hal_exti.c ****         (++) Both of them
  38:Drivers/STM32F4xx_HAL_Driver/Src/stm32f4xx_hal_exti.c **** 
  39:Drivers/STM32F4xx_HAL_Driver/Src/stm32f4xx_hal_exti.c ****     (+) When set in interrupt mode, configurable Exti lines have two different
  40:Drivers/STM32F4xx_HAL_Driver/Src/stm32f4xx_hal_exti.c ****         interrupts pending registers which allow to distinguish which transition
  41:Drivers/STM32F4xx_HAL_Driver/Src/stm32f4xx_hal_exti.c ****         occurs:
  42:Drivers/STM32F4xx_HAL_Driver/Src/stm32f4xx_hal_exti.c ****         (++) Rising edge pending interrupt
  43:Drivers/STM32F4xx_HAL_Driver/Src/stm32f4xx_hal_exti.c ****         (++) Falling
  44:Drivers/STM32F4xx_HAL_Driver/Src/stm32f4xx_hal_exti.c **** 
  45:Drivers/STM32F4xx_HAL_Driver/Src/stm32f4xx_hal_exti.c ****     (+) Exti lines 0 to 15 are linked to gpio pin number 0 to 15. Gpio port can
  46:Drivers/STM32F4xx_HAL_Driver/Src/stm32f4xx_hal_exti.c ****         be selected through multiplexer.
  47:Drivers/STM32F4xx_HAL_Driver/Src/stm32f4xx_hal_exti.c **** 
  48:Drivers/STM32F4xx_HAL_Driver/Src/stm32f4xx_hal_exti.c ****                      ##### How to use this driver #####
  49:Drivers/STM32F4xx_HAL_Driver/Src/stm32f4xx_hal_exti.c ****   ==============================================================================
  50:Drivers/STM32F4xx_HAL_Driver/Src/stm32f4xx_hal_exti.c ****   [..]
  51:Drivers/STM32F4xx_HAL_Driver/Src/stm32f4xx_hal_exti.c **** 
  52:Drivers/STM32F4xx_HAL_Driver/Src/stm32f4xx_hal_exti.c ****     (#) Configure the EXTI line using HAL_EXTI_SetConfigLine().
  53:Drivers/STM32F4xx_HAL_Driver/Src/stm32f4xx_hal_exti.c ****         (++) Choose the interrupt line number by setting "Line" member from
  54:Drivers/STM32F4xx_HAL_Driver/Src/stm32f4xx_hal_exti.c ****              EXTI_ConfigTypeDef structure.
  55:Drivers/STM32F4xx_HAL_Driver/Src/stm32f4xx_hal_exti.c ****         (++) Configure the interrupt and/or event mode using "Mode" member from
  56:Drivers/STM32F4xx_HAL_Driver/Src/stm32f4xx_hal_exti.c ****              EXTI_ConfigTypeDef structure.
  57:Drivers/STM32F4xx_HAL_Driver/Src/stm32f4xx_hal_exti.c ****         (++) For configurable lines, configure rising and/or falling trigger
  58:Drivers/STM32F4xx_HAL_Driver/Src/stm32f4xx_hal_exti.c ****              "Trigger" member from EXTI_ConfigTypeDef structure.
  59:Drivers/STM32F4xx_HAL_Driver/Src/stm32f4xx_hal_exti.c ****         (++) For Exti lines linked to gpio, choose gpio port using "GPIOSel"
  60:Drivers/STM32F4xx_HAL_Driver/Src/stm32f4xx_hal_exti.c ****              member from GPIO_InitTypeDef structure.
  61:Drivers/STM32F4xx_HAL_Driver/Src/stm32f4xx_hal_exti.c **** 
  62:Drivers/STM32F4xx_HAL_Driver/Src/stm32f4xx_hal_exti.c ****     (#) Get current Exti configuration of a dedicated line using
  63:Drivers/STM32F4xx_HAL_Driver/Src/stm32f4xx_hal_exti.c ****         HAL_EXTI_GetConfigLine().
  64:Drivers/STM32F4xx_HAL_Driver/Src/stm32f4xx_hal_exti.c ****         (++) Provide exiting handle as parameter.
  65:Drivers/STM32F4xx_HAL_Driver/Src/stm32f4xx_hal_exti.c ****         (++) Provide pointer on EXTI_ConfigTypeDef structure as second parameter.
  66:Drivers/STM32F4xx_HAL_Driver/Src/stm32f4xx_hal_exti.c **** 
  67:Drivers/STM32F4xx_HAL_Driver/Src/stm32f4xx_hal_exti.c ****     (#) Clear Exti configuration of a dedicated line using HAL_EXTI_GetConfigLine().
  68:Drivers/STM32F4xx_HAL_Driver/Src/stm32f4xx_hal_exti.c ****         (++) Provide exiting handle as parameter.
  69:Drivers/STM32F4xx_HAL_Driver/Src/stm32f4xx_hal_exti.c **** 
  70:Drivers/STM32F4xx_HAL_Driver/Src/stm32f4xx_hal_exti.c ****     (#) Register callback to treat Exti interrupts using HAL_EXTI_RegisterCallback().
  71:Drivers/STM32F4xx_HAL_Driver/Src/stm32f4xx_hal_exti.c ****         (++) Provide exiting handle as first parameter.
  72:Drivers/STM32F4xx_HAL_Driver/Src/stm32f4xx_hal_exti.c ****         (++) Provide which callback will be registered using one value from
  73:Drivers/STM32F4xx_HAL_Driver/Src/stm32f4xx_hal_exti.c ****              EXTI_CallbackIDTypeDef.
  74:Drivers/STM32F4xx_HAL_Driver/Src/stm32f4xx_hal_exti.c ****         (++) Provide callback function pointer.
  75:Drivers/STM32F4xx_HAL_Driver/Src/stm32f4xx_hal_exti.c **** 
  76:Drivers/STM32F4xx_HAL_Driver/Src/stm32f4xx_hal_exti.c ****     (#) Get interrupt pending bit using HAL_EXTI_GetPending().
  77:Drivers/STM32F4xx_HAL_Driver/Src/stm32f4xx_hal_exti.c **** 
  78:Drivers/STM32F4xx_HAL_Driver/Src/stm32f4xx_hal_exti.c ****     (#) Clear interrupt pending bit using HAL_EXTI_GetPending().
  79:Drivers/STM32F4xx_HAL_Driver/Src/stm32f4xx_hal_exti.c **** 
  80:Drivers/STM32F4xx_HAL_Driver/Src/stm32f4xx_hal_exti.c ****     (#) Generate software interrupt using HAL_EXTI_GenerateSWI().
  81:Drivers/STM32F4xx_HAL_Driver/Src/stm32f4xx_hal_exti.c **** 
  82:Drivers/STM32F4xx_HAL_Driver/Src/stm32f4xx_hal_exti.c ****   @endverbatim
  83:Drivers/STM32F4xx_HAL_Driver/Src/stm32f4xx_hal_exti.c ****   */
  84:Drivers/STM32F4xx_HAL_Driver/Src/stm32f4xx_hal_exti.c **** 
  85:Drivers/STM32F4xx_HAL_Driver/Src/stm32f4xx_hal_exti.c **** /* Includes ------------------------------------------------------------------*/
  86:Drivers/STM32F4xx_HAL_Driver/Src/stm32f4xx_hal_exti.c **** #include "stm32f4xx_hal.h"
  87:Drivers/STM32F4xx_HAL_Driver/Src/stm32f4xx_hal_exti.c **** 
ARM GAS  C:\Users\Korolev\AppData\Local\Temp\ccQQi6dI.s 			page 3


  88:Drivers/STM32F4xx_HAL_Driver/Src/stm32f4xx_hal_exti.c **** /** @addtogroup STM32F4xx_HAL_Driver
  89:Drivers/STM32F4xx_HAL_Driver/Src/stm32f4xx_hal_exti.c ****   * @{
  90:Drivers/STM32F4xx_HAL_Driver/Src/stm32f4xx_hal_exti.c ****   */
  91:Drivers/STM32F4xx_HAL_Driver/Src/stm32f4xx_hal_exti.c **** 
  92:Drivers/STM32F4xx_HAL_Driver/Src/stm32f4xx_hal_exti.c **** /** @addtogroup EXTI
  93:Drivers/STM32F4xx_HAL_Driver/Src/stm32f4xx_hal_exti.c ****   * @{
  94:Drivers/STM32F4xx_HAL_Driver/Src/stm32f4xx_hal_exti.c ****   */
  95:Drivers/STM32F4xx_HAL_Driver/Src/stm32f4xx_hal_exti.c **** /** MISRA C:2012 deviation rule has been granted for following rule:
  96:Drivers/STM32F4xx_HAL_Driver/Src/stm32f4xx_hal_exti.c ****   * Rule-18.1_b - Medium: Array `EXTICR' 1st subscript interval [0,7] may be out
  97:Drivers/STM32F4xx_HAL_Driver/Src/stm32f4xx_hal_exti.c ****   * of bounds [0,3] in following API :
  98:Drivers/STM32F4xx_HAL_Driver/Src/stm32f4xx_hal_exti.c ****   * HAL_EXTI_SetConfigLine
  99:Drivers/STM32F4xx_HAL_Driver/Src/stm32f4xx_hal_exti.c ****   * HAL_EXTI_GetConfigLine
 100:Drivers/STM32F4xx_HAL_Driver/Src/stm32f4xx_hal_exti.c ****   * HAL_EXTI_ClearConfigLine
 101:Drivers/STM32F4xx_HAL_Driver/Src/stm32f4xx_hal_exti.c ****   */
 102:Drivers/STM32F4xx_HAL_Driver/Src/stm32f4xx_hal_exti.c **** 
 103:Drivers/STM32F4xx_HAL_Driver/Src/stm32f4xx_hal_exti.c **** #ifdef HAL_EXTI_MODULE_ENABLED
 104:Drivers/STM32F4xx_HAL_Driver/Src/stm32f4xx_hal_exti.c **** 
 105:Drivers/STM32F4xx_HAL_Driver/Src/stm32f4xx_hal_exti.c **** /* Private typedef -----------------------------------------------------------*/
 106:Drivers/STM32F4xx_HAL_Driver/Src/stm32f4xx_hal_exti.c **** /* Private defines -----------------------------------------------------------*/
 107:Drivers/STM32F4xx_HAL_Driver/Src/stm32f4xx_hal_exti.c **** /** @defgroup EXTI_Private_Constants EXTI Private Constants
 108:Drivers/STM32F4xx_HAL_Driver/Src/stm32f4xx_hal_exti.c ****   * @{
 109:Drivers/STM32F4xx_HAL_Driver/Src/stm32f4xx_hal_exti.c ****   */
 110:Drivers/STM32F4xx_HAL_Driver/Src/stm32f4xx_hal_exti.c **** 
 111:Drivers/STM32F4xx_HAL_Driver/Src/stm32f4xx_hal_exti.c **** /**
 112:Drivers/STM32F4xx_HAL_Driver/Src/stm32f4xx_hal_exti.c ****   * @}
 113:Drivers/STM32F4xx_HAL_Driver/Src/stm32f4xx_hal_exti.c ****   */
 114:Drivers/STM32F4xx_HAL_Driver/Src/stm32f4xx_hal_exti.c **** 
 115:Drivers/STM32F4xx_HAL_Driver/Src/stm32f4xx_hal_exti.c **** /* Private macros ------------------------------------------------------------*/
 116:Drivers/STM32F4xx_HAL_Driver/Src/stm32f4xx_hal_exti.c **** /* Private variables ---------------------------------------------------------*/
 117:Drivers/STM32F4xx_HAL_Driver/Src/stm32f4xx_hal_exti.c **** /* Private function prototypes -----------------------------------------------*/
 118:Drivers/STM32F4xx_HAL_Driver/Src/stm32f4xx_hal_exti.c **** /* Exported functions --------------------------------------------------------*/
 119:Drivers/STM32F4xx_HAL_Driver/Src/stm32f4xx_hal_exti.c **** 
 120:Drivers/STM32F4xx_HAL_Driver/Src/stm32f4xx_hal_exti.c **** /** @addtogroup EXTI_Exported_Functions
 121:Drivers/STM32F4xx_HAL_Driver/Src/stm32f4xx_hal_exti.c ****   * @{
 122:Drivers/STM32F4xx_HAL_Driver/Src/stm32f4xx_hal_exti.c ****   */
 123:Drivers/STM32F4xx_HAL_Driver/Src/stm32f4xx_hal_exti.c **** 
 124:Drivers/STM32F4xx_HAL_Driver/Src/stm32f4xx_hal_exti.c **** /** @addtogroup EXTI_Exported_Functions_Group1
 125:Drivers/STM32F4xx_HAL_Driver/Src/stm32f4xx_hal_exti.c ****   *  @brief    Configuration functions
 126:Drivers/STM32F4xx_HAL_Driver/Src/stm32f4xx_hal_exti.c ****   *
 127:Drivers/STM32F4xx_HAL_Driver/Src/stm32f4xx_hal_exti.c **** @verbatim
 128:Drivers/STM32F4xx_HAL_Driver/Src/stm32f4xx_hal_exti.c ****  ===============================================================================
 129:Drivers/STM32F4xx_HAL_Driver/Src/stm32f4xx_hal_exti.c ****               ##### Configuration functions #####
 130:Drivers/STM32F4xx_HAL_Driver/Src/stm32f4xx_hal_exti.c ****  ===============================================================================
 131:Drivers/STM32F4xx_HAL_Driver/Src/stm32f4xx_hal_exti.c **** 
 132:Drivers/STM32F4xx_HAL_Driver/Src/stm32f4xx_hal_exti.c **** @endverbatim
 133:Drivers/STM32F4xx_HAL_Driver/Src/stm32f4xx_hal_exti.c ****   * @{
 134:Drivers/STM32F4xx_HAL_Driver/Src/stm32f4xx_hal_exti.c ****   */
 135:Drivers/STM32F4xx_HAL_Driver/Src/stm32f4xx_hal_exti.c **** 
 136:Drivers/STM32F4xx_HAL_Driver/Src/stm32f4xx_hal_exti.c **** /**
 137:Drivers/STM32F4xx_HAL_Driver/Src/stm32f4xx_hal_exti.c ****   * @brief  Set configuration of a dedicated Exti line.
 138:Drivers/STM32F4xx_HAL_Driver/Src/stm32f4xx_hal_exti.c ****   * @param  hexti Exti handle.
 139:Drivers/STM32F4xx_HAL_Driver/Src/stm32f4xx_hal_exti.c ****   * @param  pExtiConfig Pointer on EXTI configuration to be set.
 140:Drivers/STM32F4xx_HAL_Driver/Src/stm32f4xx_hal_exti.c ****   * @retval HAL Status.
 141:Drivers/STM32F4xx_HAL_Driver/Src/stm32f4xx_hal_exti.c ****   */
 142:Drivers/STM32F4xx_HAL_Driver/Src/stm32f4xx_hal_exti.c **** HAL_StatusTypeDef HAL_EXTI_SetConfigLine(EXTI_HandleTypeDef *hexti, EXTI_ConfigTypeDef *pExtiConfig
 143:Drivers/STM32F4xx_HAL_Driver/Src/stm32f4xx_hal_exti.c **** {
  29              		.loc 1 143 1
ARM GAS  C:\Users\Korolev\AppData\Local\Temp\ccQQi6dI.s 			page 4


  30              		.cfi_startproc
  31              		@ args = 0, pretend = 0, frame = 24
  32              		@ frame_needed = 1, uses_anonymous_args = 0
  33              		@ link register save eliminated.
  34 0000 80B4     		push	{r7}
  35              		.cfi_def_cfa_offset 4
  36              		.cfi_offset 7, -4
  37 0002 87B0     		sub	sp, sp, #28
  38              		.cfi_def_cfa_offset 32
  39 0004 00AF     		add	r7, sp, #0
  40              		.cfi_def_cfa_register 7
  41 0006 7860     		str	r0, [r7, #4]
  42 0008 3960     		str	r1, [r7]
 144:Drivers/STM32F4xx_HAL_Driver/Src/stm32f4xx_hal_exti.c ****   uint32_t regval;
 145:Drivers/STM32F4xx_HAL_Driver/Src/stm32f4xx_hal_exti.c ****   uint32_t linepos;
 146:Drivers/STM32F4xx_HAL_Driver/Src/stm32f4xx_hal_exti.c ****   uint32_t maskline;
 147:Drivers/STM32F4xx_HAL_Driver/Src/stm32f4xx_hal_exti.c **** 
 148:Drivers/STM32F4xx_HAL_Driver/Src/stm32f4xx_hal_exti.c ****   /* Check null pointer */
 149:Drivers/STM32F4xx_HAL_Driver/Src/stm32f4xx_hal_exti.c ****   if ((hexti == NULL) || (pExtiConfig == NULL))
  43              		.loc 1 149 6
  44 000a 7B68     		ldr	r3, [r7, #4]
  45 000c 002B     		cmp	r3, #0
  46 000e 02D0     		beq	.L2
  47              		.loc 1 149 23 discriminator 1
  48 0010 3B68     		ldr	r3, [r7]
  49 0012 002B     		cmp	r3, #0
  50 0014 01D1     		bne	.L3
  51              	.L2:
 150:Drivers/STM32F4xx_HAL_Driver/Src/stm32f4xx_hal_exti.c ****   {
 151:Drivers/STM32F4xx_HAL_Driver/Src/stm32f4xx_hal_exti.c ****     return HAL_ERROR;
  52              		.loc 1 151 12
  53 0016 0123     		movs	r3, #1
  54 0018 8FE0     		b	.L4
  55              	.L3:
 152:Drivers/STM32F4xx_HAL_Driver/Src/stm32f4xx_hal_exti.c ****   }
 153:Drivers/STM32F4xx_HAL_Driver/Src/stm32f4xx_hal_exti.c **** 
 154:Drivers/STM32F4xx_HAL_Driver/Src/stm32f4xx_hal_exti.c ****   /* Check parameters */
 155:Drivers/STM32F4xx_HAL_Driver/Src/stm32f4xx_hal_exti.c ****   assert_param(IS_EXTI_LINE(pExtiConfig->Line));
 156:Drivers/STM32F4xx_HAL_Driver/Src/stm32f4xx_hal_exti.c ****   assert_param(IS_EXTI_MODE(pExtiConfig->Mode));
 157:Drivers/STM32F4xx_HAL_Driver/Src/stm32f4xx_hal_exti.c **** 
 158:Drivers/STM32F4xx_HAL_Driver/Src/stm32f4xx_hal_exti.c ****   /* Assign line number to handle */
 159:Drivers/STM32F4xx_HAL_Driver/Src/stm32f4xx_hal_exti.c ****   hexti->Line = pExtiConfig->Line;
  56              		.loc 1 159 28
  57 001a 3B68     		ldr	r3, [r7]
  58 001c 1A68     		ldr	r2, [r3]
  59              		.loc 1 159 15
  60 001e 7B68     		ldr	r3, [r7, #4]
  61 0020 1A60     		str	r2, [r3]
 160:Drivers/STM32F4xx_HAL_Driver/Src/stm32f4xx_hal_exti.c **** 
 161:Drivers/STM32F4xx_HAL_Driver/Src/stm32f4xx_hal_exti.c ****   /* Compute line mask */
 162:Drivers/STM32F4xx_HAL_Driver/Src/stm32f4xx_hal_exti.c ****   linepos = (pExtiConfig->Line & EXTI_PIN_MASK);
  62              		.loc 1 162 25
  63 0022 3B68     		ldr	r3, [r7]
  64 0024 1B68     		ldr	r3, [r3]
  65              		.loc 1 162 11
  66 0026 03F01F03 		and	r3, r3, #31
  67 002a 7B61     		str	r3, [r7, #20]
ARM GAS  C:\Users\Korolev\AppData\Local\Temp\ccQQi6dI.s 			page 5


 163:Drivers/STM32F4xx_HAL_Driver/Src/stm32f4xx_hal_exti.c ****   maskline = (1uL << linepos);
  68              		.loc 1 163 12
  69 002c 0122     		movs	r2, #1
  70 002e 7B69     		ldr	r3, [r7, #20]
  71 0030 02FA03F3 		lsl	r3, r2, r3
  72 0034 3B61     		str	r3, [r7, #16]
 164:Drivers/STM32F4xx_HAL_Driver/Src/stm32f4xx_hal_exti.c **** 
 165:Drivers/STM32F4xx_HAL_Driver/Src/stm32f4xx_hal_exti.c ****   /* Configure triggers for configurable lines */
 166:Drivers/STM32F4xx_HAL_Driver/Src/stm32f4xx_hal_exti.c ****   if ((pExtiConfig->Line & EXTI_CONFIG) != 0x00u)
  73              		.loc 1 166 19
  74 0036 3B68     		ldr	r3, [r7]
  75 0038 1B68     		ldr	r3, [r3]
  76              		.loc 1 166 26
  77 003a 03F00073 		and	r3, r3, #33554432
  78              		.loc 1 166 6
  79 003e 002B     		cmp	r3, #0
  80 0040 52D0     		beq	.L5
 167:Drivers/STM32F4xx_HAL_Driver/Src/stm32f4xx_hal_exti.c ****   {
 168:Drivers/STM32F4xx_HAL_Driver/Src/stm32f4xx_hal_exti.c ****     assert_param(IS_EXTI_TRIGGER(pExtiConfig->Trigger));
 169:Drivers/STM32F4xx_HAL_Driver/Src/stm32f4xx_hal_exti.c **** 
 170:Drivers/STM32F4xx_HAL_Driver/Src/stm32f4xx_hal_exti.c ****     /* Configure rising trigger */
 171:Drivers/STM32F4xx_HAL_Driver/Src/stm32f4xx_hal_exti.c ****     /* Mask or set line */
 172:Drivers/STM32F4xx_HAL_Driver/Src/stm32f4xx_hal_exti.c ****     if ((pExtiConfig->Trigger & EXTI_TRIGGER_RISING) != 0x00u)
  81              		.loc 1 172 21
  82 0042 3B68     		ldr	r3, [r7]
  83 0044 9B68     		ldr	r3, [r3, #8]
  84              		.loc 1 172 31
  85 0046 03F00103 		and	r3, r3, #1
  86              		.loc 1 172 8
  87 004a 002B     		cmp	r3, #0
  88 004c 06D0     		beq	.L6
 173:Drivers/STM32F4xx_HAL_Driver/Src/stm32f4xx_hal_exti.c ****     {
 174:Drivers/STM32F4xx_HAL_Driver/Src/stm32f4xx_hal_exti.c ****       EXTI->RTSR |= maskline;
  89              		.loc 1 174 11
  90 004e 3E4B     		ldr	r3, .L14
  91 0050 9A68     		ldr	r2, [r3, #8]
  92 0052 3D49     		ldr	r1, .L14
  93              		.loc 1 174 18
  94 0054 3B69     		ldr	r3, [r7, #16]
  95 0056 1343     		orrs	r3, r3, r2
  96 0058 8B60     		str	r3, [r1, #8]
  97 005a 06E0     		b	.L7
  98              	.L6:
 175:Drivers/STM32F4xx_HAL_Driver/Src/stm32f4xx_hal_exti.c ****     }
 176:Drivers/STM32F4xx_HAL_Driver/Src/stm32f4xx_hal_exti.c ****     else
 177:Drivers/STM32F4xx_HAL_Driver/Src/stm32f4xx_hal_exti.c ****     {
 178:Drivers/STM32F4xx_HAL_Driver/Src/stm32f4xx_hal_exti.c ****       EXTI->RTSR &= ~maskline;
  99              		.loc 1 178 11
 100 005c 3A4B     		ldr	r3, .L14
 101 005e 9A68     		ldr	r2, [r3, #8]
 102              		.loc 1 178 21
 103 0060 3B69     		ldr	r3, [r7, #16]
 104 0062 DB43     		mvns	r3, r3
 105              		.loc 1 178 11
 106 0064 3849     		ldr	r1, .L14
 107              		.loc 1 178 18
 108 0066 1340     		ands	r3, r3, r2
ARM GAS  C:\Users\Korolev\AppData\Local\Temp\ccQQi6dI.s 			page 6


 109 0068 8B60     		str	r3, [r1, #8]
 110              	.L7:
 179:Drivers/STM32F4xx_HAL_Driver/Src/stm32f4xx_hal_exti.c ****     }
 180:Drivers/STM32F4xx_HAL_Driver/Src/stm32f4xx_hal_exti.c **** 
 181:Drivers/STM32F4xx_HAL_Driver/Src/stm32f4xx_hal_exti.c ****     /* Configure falling trigger */
 182:Drivers/STM32F4xx_HAL_Driver/Src/stm32f4xx_hal_exti.c ****     /* Mask or set line */
 183:Drivers/STM32F4xx_HAL_Driver/Src/stm32f4xx_hal_exti.c ****     if ((pExtiConfig->Trigger & EXTI_TRIGGER_FALLING) != 0x00u)
 111              		.loc 1 183 21
 112 006a 3B68     		ldr	r3, [r7]
 113 006c 9B68     		ldr	r3, [r3, #8]
 114              		.loc 1 183 31
 115 006e 03F00203 		and	r3, r3, #2
 116              		.loc 1 183 8
 117 0072 002B     		cmp	r3, #0
 118 0074 06D0     		beq	.L8
 184:Drivers/STM32F4xx_HAL_Driver/Src/stm32f4xx_hal_exti.c ****     {
 185:Drivers/STM32F4xx_HAL_Driver/Src/stm32f4xx_hal_exti.c ****       EXTI->FTSR |= maskline;
 119              		.loc 1 185 11
 120 0076 344B     		ldr	r3, .L14
 121 0078 DA68     		ldr	r2, [r3, #12]
 122 007a 3349     		ldr	r1, .L14
 123              		.loc 1 185 18
 124 007c 3B69     		ldr	r3, [r7, #16]
 125 007e 1343     		orrs	r3, r3, r2
 126 0080 CB60     		str	r3, [r1, #12]
 127 0082 06E0     		b	.L9
 128              	.L8:
 186:Drivers/STM32F4xx_HAL_Driver/Src/stm32f4xx_hal_exti.c ****     }
 187:Drivers/STM32F4xx_HAL_Driver/Src/stm32f4xx_hal_exti.c ****     else
 188:Drivers/STM32F4xx_HAL_Driver/Src/stm32f4xx_hal_exti.c ****     {
 189:Drivers/STM32F4xx_HAL_Driver/Src/stm32f4xx_hal_exti.c ****       EXTI->FTSR &= ~maskline;
 129              		.loc 1 189 11
 130 0084 304B     		ldr	r3, .L14
 131 0086 DA68     		ldr	r2, [r3, #12]
 132              		.loc 1 189 21
 133 0088 3B69     		ldr	r3, [r7, #16]
 134 008a DB43     		mvns	r3, r3
 135              		.loc 1 189 11
 136 008c 2E49     		ldr	r1, .L14
 137              		.loc 1 189 18
 138 008e 1340     		ands	r3, r3, r2
 139 0090 CB60     		str	r3, [r1, #12]
 140              	.L9:
 190:Drivers/STM32F4xx_HAL_Driver/Src/stm32f4xx_hal_exti.c ****     }
 191:Drivers/STM32F4xx_HAL_Driver/Src/stm32f4xx_hal_exti.c **** 
 192:Drivers/STM32F4xx_HAL_Driver/Src/stm32f4xx_hal_exti.c **** 
 193:Drivers/STM32F4xx_HAL_Driver/Src/stm32f4xx_hal_exti.c ****     /* Configure gpio port selection in case of gpio exti line */
 194:Drivers/STM32F4xx_HAL_Driver/Src/stm32f4xx_hal_exti.c ****     if ((pExtiConfig->Line & EXTI_GPIO) == EXTI_GPIO)
 141              		.loc 1 194 21
 142 0092 3B68     		ldr	r3, [r7]
 143 0094 1B68     		ldr	r3, [r3]
 144              		.loc 1 194 28
 145 0096 03F0C063 		and	r3, r3, #100663296
 146              		.loc 1 194 8
 147 009a B3F1C06F 		cmp	r3, #100663296
 148 009e 23D1     		bne	.L5
 195:Drivers/STM32F4xx_HAL_Driver/Src/stm32f4xx_hal_exti.c ****     {
ARM GAS  C:\Users\Korolev\AppData\Local\Temp\ccQQi6dI.s 			page 7


 196:Drivers/STM32F4xx_HAL_Driver/Src/stm32f4xx_hal_exti.c ****       assert_param(IS_EXTI_GPIO_PORT(pExtiConfig->GPIOSel));
 197:Drivers/STM32F4xx_HAL_Driver/Src/stm32f4xx_hal_exti.c ****       assert_param(IS_EXTI_GPIO_PIN(linepos));
 198:Drivers/STM32F4xx_HAL_Driver/Src/stm32f4xx_hal_exti.c **** 
 199:Drivers/STM32F4xx_HAL_Driver/Src/stm32f4xx_hal_exti.c ****       regval = SYSCFG->EXTICR[linepos >> 2u];
 149              		.loc 1 199 22
 150 00a0 2A4A     		ldr	r2, .L14+4
 151              		.loc 1 199 39
 152 00a2 7B69     		ldr	r3, [r7, #20]
 153 00a4 9B08     		lsrs	r3, r3, #2
 154              		.loc 1 199 14
 155 00a6 0233     		adds	r3, r3, #2
 156 00a8 52F82330 		ldr	r3, [r2, r3, lsl #2]
 157 00ac FB60     		str	r3, [r7, #12]
 200:Drivers/STM32F4xx_HAL_Driver/Src/stm32f4xx_hal_exti.c ****       regval &= ~(SYSCFG_EXTICR1_EXTI0 << (SYSCFG_EXTICR1_EXTI1_Pos * (linepos & 0x03u)));
 158              		.loc 1 200 80
 159 00ae 7B69     		ldr	r3, [r7, #20]
 160 00b0 03F00303 		and	r3, r3, #3
 161              		.loc 1 200 69
 162 00b4 9B00     		lsls	r3, r3, #2
 163              		.loc 1 200 40
 164 00b6 0F22     		movs	r2, #15
 165 00b8 02FA03F3 		lsl	r3, r2, r3
 166              		.loc 1 200 17
 167 00bc DB43     		mvns	r3, r3
 168              		.loc 1 200 14
 169 00be FA68     		ldr	r2, [r7, #12]
 170 00c0 1340     		ands	r3, r3, r2
 171 00c2 FB60     		str	r3, [r7, #12]
 201:Drivers/STM32F4xx_HAL_Driver/Src/stm32f4xx_hal_exti.c ****       regval |= (pExtiConfig->GPIOSel << (SYSCFG_EXTICR1_EXTI1_Pos * (linepos & 0x03u)));
 172              		.loc 1 201 29
 173 00c4 3B68     		ldr	r3, [r7]
 174 00c6 DA68     		ldr	r2, [r3, #12]
 175              		.loc 1 201 79
 176 00c8 7B69     		ldr	r3, [r7, #20]
 177 00ca 03F00303 		and	r3, r3, #3
 178              		.loc 1 201 68
 179 00ce 9B00     		lsls	r3, r3, #2
 180              		.loc 1 201 39
 181 00d0 02FA03F3 		lsl	r3, r2, r3
 182              		.loc 1 201 14
 183 00d4 FA68     		ldr	r2, [r7, #12]
 184 00d6 1343     		orrs	r3, r3, r2
 185 00d8 FB60     		str	r3, [r7, #12]
 202:Drivers/STM32F4xx_HAL_Driver/Src/stm32f4xx_hal_exti.c ****       SYSCFG->EXTICR[linepos >> 2u] = regval;
 186              		.loc 1 202 13
 187 00da 1C49     		ldr	r1, .L14+4
 188              		.loc 1 202 30
 189 00dc 7B69     		ldr	r3, [r7, #20]
 190 00de 9B08     		lsrs	r3, r3, #2
 191              		.loc 1 202 37
 192 00e0 0233     		adds	r3, r3, #2
 193 00e2 FA68     		ldr	r2, [r7, #12]
 194 00e4 41F82320 		str	r2, [r1, r3, lsl #2]
 195              	.L5:
 203:Drivers/STM32F4xx_HAL_Driver/Src/stm32f4xx_hal_exti.c ****     }
 204:Drivers/STM32F4xx_HAL_Driver/Src/stm32f4xx_hal_exti.c ****   }
 205:Drivers/STM32F4xx_HAL_Driver/Src/stm32f4xx_hal_exti.c **** 
ARM GAS  C:\Users\Korolev\AppData\Local\Temp\ccQQi6dI.s 			page 8


 206:Drivers/STM32F4xx_HAL_Driver/Src/stm32f4xx_hal_exti.c ****   /* Configure interrupt mode : read current mode */
 207:Drivers/STM32F4xx_HAL_Driver/Src/stm32f4xx_hal_exti.c ****   /* Mask or set line */
 208:Drivers/STM32F4xx_HAL_Driver/Src/stm32f4xx_hal_exti.c ****   if ((pExtiConfig->Mode & EXTI_MODE_INTERRUPT) != 0x00u)
 196              		.loc 1 208 19
 197 00e8 3B68     		ldr	r3, [r7]
 198 00ea 5B68     		ldr	r3, [r3, #4]
 199              		.loc 1 208 26
 200 00ec 03F00103 		and	r3, r3, #1
 201              		.loc 1 208 6
 202 00f0 002B     		cmp	r3, #0
 203 00f2 06D0     		beq	.L10
 209:Drivers/STM32F4xx_HAL_Driver/Src/stm32f4xx_hal_exti.c ****   {
 210:Drivers/STM32F4xx_HAL_Driver/Src/stm32f4xx_hal_exti.c ****     EXTI->IMR |= maskline;
 204              		.loc 1 210 9
 205 00f4 144B     		ldr	r3, .L14
 206 00f6 1A68     		ldr	r2, [r3]
 207 00f8 1349     		ldr	r1, .L14
 208              		.loc 1 210 15
 209 00fa 3B69     		ldr	r3, [r7, #16]
 210 00fc 1343     		orrs	r3, r3, r2
 211 00fe 0B60     		str	r3, [r1]
 212 0100 06E0     		b	.L11
 213              	.L10:
 211:Drivers/STM32F4xx_HAL_Driver/Src/stm32f4xx_hal_exti.c ****   }
 212:Drivers/STM32F4xx_HAL_Driver/Src/stm32f4xx_hal_exti.c ****   else
 213:Drivers/STM32F4xx_HAL_Driver/Src/stm32f4xx_hal_exti.c ****   {
 214:Drivers/STM32F4xx_HAL_Driver/Src/stm32f4xx_hal_exti.c ****     EXTI->IMR &= ~maskline;
 214              		.loc 1 214 9
 215 0102 114B     		ldr	r3, .L14
 216 0104 1A68     		ldr	r2, [r3]
 217              		.loc 1 214 18
 218 0106 3B69     		ldr	r3, [r7, #16]
 219 0108 DB43     		mvns	r3, r3
 220              		.loc 1 214 9
 221 010a 0F49     		ldr	r1, .L14
 222              		.loc 1 214 15
 223 010c 1340     		ands	r3, r3, r2
 224 010e 0B60     		str	r3, [r1]
 225              	.L11:
 215:Drivers/STM32F4xx_HAL_Driver/Src/stm32f4xx_hal_exti.c ****   }
 216:Drivers/STM32F4xx_HAL_Driver/Src/stm32f4xx_hal_exti.c **** 
 217:Drivers/STM32F4xx_HAL_Driver/Src/stm32f4xx_hal_exti.c ****   /* Configure event mode : read current mode */
 218:Drivers/STM32F4xx_HAL_Driver/Src/stm32f4xx_hal_exti.c ****   /* Mask or set line */
 219:Drivers/STM32F4xx_HAL_Driver/Src/stm32f4xx_hal_exti.c ****   if ((pExtiConfig->Mode & EXTI_MODE_EVENT) != 0x00u)
 226              		.loc 1 219 19
 227 0110 3B68     		ldr	r3, [r7]
 228 0112 5B68     		ldr	r3, [r3, #4]
 229              		.loc 1 219 26
 230 0114 03F00203 		and	r3, r3, #2
 231              		.loc 1 219 6
 232 0118 002B     		cmp	r3, #0
 233 011a 06D0     		beq	.L12
 220:Drivers/STM32F4xx_HAL_Driver/Src/stm32f4xx_hal_exti.c ****   {
 221:Drivers/STM32F4xx_HAL_Driver/Src/stm32f4xx_hal_exti.c ****     EXTI->EMR |= maskline;
 234              		.loc 1 221 9
 235 011c 0A4B     		ldr	r3, .L14
 236 011e 5A68     		ldr	r2, [r3, #4]
ARM GAS  C:\Users\Korolev\AppData\Local\Temp\ccQQi6dI.s 			page 9


 237 0120 0949     		ldr	r1, .L14
 238              		.loc 1 221 15
 239 0122 3B69     		ldr	r3, [r7, #16]
 240 0124 1343     		orrs	r3, r3, r2
 241 0126 4B60     		str	r3, [r1, #4]
 242 0128 06E0     		b	.L13
 243              	.L12:
 222:Drivers/STM32F4xx_HAL_Driver/Src/stm32f4xx_hal_exti.c ****   }
 223:Drivers/STM32F4xx_HAL_Driver/Src/stm32f4xx_hal_exti.c ****   else
 224:Drivers/STM32F4xx_HAL_Driver/Src/stm32f4xx_hal_exti.c ****   {
 225:Drivers/STM32F4xx_HAL_Driver/Src/stm32f4xx_hal_exti.c ****     EXTI->EMR &= ~maskline;
 244              		.loc 1 225 9
 245 012a 074B     		ldr	r3, .L14
 246 012c 5A68     		ldr	r2, [r3, #4]
 247              		.loc 1 225 18
 248 012e 3B69     		ldr	r3, [r7, #16]
 249 0130 DB43     		mvns	r3, r3
 250              		.loc 1 225 9
 251 0132 0549     		ldr	r1, .L14
 252              		.loc 1 225 15
 253 0134 1340     		ands	r3, r3, r2
 254 0136 4B60     		str	r3, [r1, #4]
 255              	.L13:
 226:Drivers/STM32F4xx_HAL_Driver/Src/stm32f4xx_hal_exti.c ****   }
 227:Drivers/STM32F4xx_HAL_Driver/Src/stm32f4xx_hal_exti.c **** 
 228:Drivers/STM32F4xx_HAL_Driver/Src/stm32f4xx_hal_exti.c ****   return HAL_OK;
 256              		.loc 1 228 10
 257 0138 0023     		movs	r3, #0
 258              	.L4:
 229:Drivers/STM32F4xx_HAL_Driver/Src/stm32f4xx_hal_exti.c **** }
 259              		.loc 1 229 1
 260 013a 1846     		mov	r0, r3
 261 013c 1C37     		adds	r7, r7, #28
 262              		.cfi_def_cfa_offset 4
 263 013e BD46     		mov	sp, r7
 264              		.cfi_def_cfa_register 13
 265              		@ sp needed
 266 0140 5DF8047B 		ldr	r7, [sp], #4
 267              		.cfi_restore 7
 268              		.cfi_def_cfa_offset 0
 269 0144 7047     		bx	lr
 270              	.L15:
 271 0146 00BF     		.align	2
 272              	.L14:
 273 0148 003C0140 		.word	1073822720
 274 014c 00380140 		.word	1073821696
 275              		.cfi_endproc
 276              	.LFE130:
 278              		.section	.text.HAL_EXTI_GetConfigLine,"ax",%progbits
 279              		.align	1
 280              		.global	HAL_EXTI_GetConfigLine
 281              		.syntax unified
 282              		.thumb
 283              		.thumb_func
 285              	HAL_EXTI_GetConfigLine:
 286              	.LFB131:
 230:Drivers/STM32F4xx_HAL_Driver/Src/stm32f4xx_hal_exti.c **** 
ARM GAS  C:\Users\Korolev\AppData\Local\Temp\ccQQi6dI.s 			page 10


 231:Drivers/STM32F4xx_HAL_Driver/Src/stm32f4xx_hal_exti.c **** /**
 232:Drivers/STM32F4xx_HAL_Driver/Src/stm32f4xx_hal_exti.c ****   * @brief  Get configuration of a dedicated Exti line.
 233:Drivers/STM32F4xx_HAL_Driver/Src/stm32f4xx_hal_exti.c ****   * @param  hexti Exti handle.
 234:Drivers/STM32F4xx_HAL_Driver/Src/stm32f4xx_hal_exti.c ****   * @param  pExtiConfig Pointer on structure to store Exti configuration.
 235:Drivers/STM32F4xx_HAL_Driver/Src/stm32f4xx_hal_exti.c ****   * @retval HAL Status.
 236:Drivers/STM32F4xx_HAL_Driver/Src/stm32f4xx_hal_exti.c ****   */
 237:Drivers/STM32F4xx_HAL_Driver/Src/stm32f4xx_hal_exti.c **** HAL_StatusTypeDef HAL_EXTI_GetConfigLine(EXTI_HandleTypeDef *hexti, EXTI_ConfigTypeDef *pExtiConfig
 238:Drivers/STM32F4xx_HAL_Driver/Src/stm32f4xx_hal_exti.c **** {
 287              		.loc 1 238 1
 288              		.cfi_startproc
 289              		@ args = 0, pretend = 0, frame = 24
 290              		@ frame_needed = 1, uses_anonymous_args = 0
 291              		@ link register save eliminated.
 292 0000 80B4     		push	{r7}
 293              		.cfi_def_cfa_offset 4
 294              		.cfi_offset 7, -4
 295 0002 87B0     		sub	sp, sp, #28
 296              		.cfi_def_cfa_offset 32
 297 0004 00AF     		add	r7, sp, #0
 298              		.cfi_def_cfa_register 7
 299 0006 7860     		str	r0, [r7, #4]
 300 0008 3960     		str	r1, [r7]
 239:Drivers/STM32F4xx_HAL_Driver/Src/stm32f4xx_hal_exti.c ****   uint32_t regval;
 240:Drivers/STM32F4xx_HAL_Driver/Src/stm32f4xx_hal_exti.c ****   uint32_t linepos;
 241:Drivers/STM32F4xx_HAL_Driver/Src/stm32f4xx_hal_exti.c ****   uint32_t maskline;
 242:Drivers/STM32F4xx_HAL_Driver/Src/stm32f4xx_hal_exti.c **** 
 243:Drivers/STM32F4xx_HAL_Driver/Src/stm32f4xx_hal_exti.c ****   /* Check null pointer */
 244:Drivers/STM32F4xx_HAL_Driver/Src/stm32f4xx_hal_exti.c ****   if ((hexti == NULL) || (pExtiConfig == NULL))
 301              		.loc 1 244 6
 302 000a 7B68     		ldr	r3, [r7, #4]
 303 000c 002B     		cmp	r3, #0
 304 000e 02D0     		beq	.L17
 305              		.loc 1 244 23 discriminator 1
 306 0010 3B68     		ldr	r3, [r7]
 307 0012 002B     		cmp	r3, #0
 308 0014 01D1     		bne	.L18
 309              	.L17:
 245:Drivers/STM32F4xx_HAL_Driver/Src/stm32f4xx_hal_exti.c ****   {
 246:Drivers/STM32F4xx_HAL_Driver/Src/stm32f4xx_hal_exti.c ****     return HAL_ERROR;
 310              		.loc 1 246 12
 311 0016 0123     		movs	r3, #1
 312 0018 62E0     		b	.L19
 313              	.L18:
 247:Drivers/STM32F4xx_HAL_Driver/Src/stm32f4xx_hal_exti.c ****   }
 248:Drivers/STM32F4xx_HAL_Driver/Src/stm32f4xx_hal_exti.c **** 
 249:Drivers/STM32F4xx_HAL_Driver/Src/stm32f4xx_hal_exti.c ****   /* Check the parameter */
 250:Drivers/STM32F4xx_HAL_Driver/Src/stm32f4xx_hal_exti.c ****   assert_param(IS_EXTI_LINE(hexti->Line));
 251:Drivers/STM32F4xx_HAL_Driver/Src/stm32f4xx_hal_exti.c **** 
 252:Drivers/STM32F4xx_HAL_Driver/Src/stm32f4xx_hal_exti.c ****   /* Store handle line number to configuration structure */
 253:Drivers/STM32F4xx_HAL_Driver/Src/stm32f4xx_hal_exti.c ****   pExtiConfig->Line = hexti->Line;
 314              		.loc 1 253 28
 315 001a 7B68     		ldr	r3, [r7, #4]
 316 001c 1A68     		ldr	r2, [r3]
 317              		.loc 1 253 21
 318 001e 3B68     		ldr	r3, [r7]
 319 0020 1A60     		str	r2, [r3]
 254:Drivers/STM32F4xx_HAL_Driver/Src/stm32f4xx_hal_exti.c **** 
ARM GAS  C:\Users\Korolev\AppData\Local\Temp\ccQQi6dI.s 			page 11


 255:Drivers/STM32F4xx_HAL_Driver/Src/stm32f4xx_hal_exti.c ****   /* Compute line mask */
 256:Drivers/STM32F4xx_HAL_Driver/Src/stm32f4xx_hal_exti.c ****   linepos = (pExtiConfig->Line & EXTI_PIN_MASK);
 320              		.loc 1 256 25
 321 0022 3B68     		ldr	r3, [r7]
 322 0024 1B68     		ldr	r3, [r3]
 323              		.loc 1 256 11
 324 0026 03F01F03 		and	r3, r3, #31
 325 002a 7B61     		str	r3, [r7, #20]
 257:Drivers/STM32F4xx_HAL_Driver/Src/stm32f4xx_hal_exti.c ****   maskline = (1uL << linepos);
 326              		.loc 1 257 12
 327 002c 0122     		movs	r2, #1
 328 002e 7B69     		ldr	r3, [r7, #20]
 329 0030 02FA03F3 		lsl	r3, r2, r3
 330 0034 3B61     		str	r3, [r7, #16]
 258:Drivers/STM32F4xx_HAL_Driver/Src/stm32f4xx_hal_exti.c **** 
 259:Drivers/STM32F4xx_HAL_Driver/Src/stm32f4xx_hal_exti.c ****   /* 1] Get core mode : interrupt */
 260:Drivers/STM32F4xx_HAL_Driver/Src/stm32f4xx_hal_exti.c **** 
 261:Drivers/STM32F4xx_HAL_Driver/Src/stm32f4xx_hal_exti.c ****   /* Check if selected line is enable */
 262:Drivers/STM32F4xx_HAL_Driver/Src/stm32f4xx_hal_exti.c ****   if ((EXTI->IMR & maskline) != 0x00u)
 331              		.loc 1 262 12
 332 0036 2D4B     		ldr	r3, .L26
 333 0038 1A68     		ldr	r2, [r3]
 334              		.loc 1 262 18
 335 003a 3B69     		ldr	r3, [r7, #16]
 336 003c 1340     		ands	r3, r3, r2
 337              		.loc 1 262 6
 338 003e 002B     		cmp	r3, #0
 339 0040 03D0     		beq	.L20
 263:Drivers/STM32F4xx_HAL_Driver/Src/stm32f4xx_hal_exti.c ****   {
 264:Drivers/STM32F4xx_HAL_Driver/Src/stm32f4xx_hal_exti.c ****     pExtiConfig->Mode = EXTI_MODE_INTERRUPT;
 340              		.loc 1 264 23
 341 0042 3B68     		ldr	r3, [r7]
 342 0044 0122     		movs	r2, #1
 343 0046 5A60     		str	r2, [r3, #4]
 344 0048 02E0     		b	.L21
 345              	.L20:
 265:Drivers/STM32F4xx_HAL_Driver/Src/stm32f4xx_hal_exti.c ****   }
 266:Drivers/STM32F4xx_HAL_Driver/Src/stm32f4xx_hal_exti.c ****   else
 267:Drivers/STM32F4xx_HAL_Driver/Src/stm32f4xx_hal_exti.c ****   {
 268:Drivers/STM32F4xx_HAL_Driver/Src/stm32f4xx_hal_exti.c ****     pExtiConfig->Mode = EXTI_MODE_NONE;
 346              		.loc 1 268 23
 347 004a 3B68     		ldr	r3, [r7]
 348 004c 0022     		movs	r2, #0
 349 004e 5A60     		str	r2, [r3, #4]
 350              	.L21:
 269:Drivers/STM32F4xx_HAL_Driver/Src/stm32f4xx_hal_exti.c ****   }
 270:Drivers/STM32F4xx_HAL_Driver/Src/stm32f4xx_hal_exti.c **** 
 271:Drivers/STM32F4xx_HAL_Driver/Src/stm32f4xx_hal_exti.c ****   /* Get event mode */
 272:Drivers/STM32F4xx_HAL_Driver/Src/stm32f4xx_hal_exti.c ****   /* Check if selected line is enable */
 273:Drivers/STM32F4xx_HAL_Driver/Src/stm32f4xx_hal_exti.c ****   if ((EXTI->EMR & maskline) != 0x00u)
 351              		.loc 1 273 12
 352 0050 264B     		ldr	r3, .L26
 353 0052 5A68     		ldr	r2, [r3, #4]
 354              		.loc 1 273 18
 355 0054 3B69     		ldr	r3, [r7, #16]
 356 0056 1340     		ands	r3, r3, r2
 357              		.loc 1 273 6
ARM GAS  C:\Users\Korolev\AppData\Local\Temp\ccQQi6dI.s 			page 12


 358 0058 002B     		cmp	r3, #0
 359 005a 05D0     		beq	.L22
 274:Drivers/STM32F4xx_HAL_Driver/Src/stm32f4xx_hal_exti.c ****   {
 275:Drivers/STM32F4xx_HAL_Driver/Src/stm32f4xx_hal_exti.c ****     pExtiConfig->Mode |= EXTI_MODE_EVENT;
 360              		.loc 1 275 16
 361 005c 3B68     		ldr	r3, [r7]
 362 005e 5B68     		ldr	r3, [r3, #4]
 363              		.loc 1 275 23
 364 0060 43F00202 		orr	r2, r3, #2
 365 0064 3B68     		ldr	r3, [r7]
 366 0066 5A60     		str	r2, [r3, #4]
 367              	.L22:
 276:Drivers/STM32F4xx_HAL_Driver/Src/stm32f4xx_hal_exti.c ****   }
 277:Drivers/STM32F4xx_HAL_Driver/Src/stm32f4xx_hal_exti.c **** 
 278:Drivers/STM32F4xx_HAL_Driver/Src/stm32f4xx_hal_exti.c ****   /* Get default Trigger and GPIOSel configuration */
 279:Drivers/STM32F4xx_HAL_Driver/Src/stm32f4xx_hal_exti.c ****   pExtiConfig->Trigger = EXTI_TRIGGER_NONE;
 368              		.loc 1 279 24
 369 0068 3B68     		ldr	r3, [r7]
 370 006a 0022     		movs	r2, #0
 371 006c 9A60     		str	r2, [r3, #8]
 280:Drivers/STM32F4xx_HAL_Driver/Src/stm32f4xx_hal_exti.c ****   pExtiConfig->GPIOSel = 0x00u;
 372              		.loc 1 280 24
 373 006e 3B68     		ldr	r3, [r7]
 374 0070 0022     		movs	r2, #0
 375 0072 DA60     		str	r2, [r3, #12]
 281:Drivers/STM32F4xx_HAL_Driver/Src/stm32f4xx_hal_exti.c **** 
 282:Drivers/STM32F4xx_HAL_Driver/Src/stm32f4xx_hal_exti.c ****   /* 2] Get trigger for configurable lines : rising */
 283:Drivers/STM32F4xx_HAL_Driver/Src/stm32f4xx_hal_exti.c ****   if ((pExtiConfig->Line & EXTI_CONFIG) != 0x00u)
 376              		.loc 1 283 19
 377 0074 3B68     		ldr	r3, [r7]
 378 0076 1B68     		ldr	r3, [r3]
 379              		.loc 1 283 26
 380 0078 03F00073 		and	r3, r3, #33554432
 381              		.loc 1 283 6
 382 007c 002B     		cmp	r3, #0
 383 007e 2ED0     		beq	.L23
 284:Drivers/STM32F4xx_HAL_Driver/Src/stm32f4xx_hal_exti.c ****   {
 285:Drivers/STM32F4xx_HAL_Driver/Src/stm32f4xx_hal_exti.c ****     /* Check if configuration of selected line is enable */
 286:Drivers/STM32F4xx_HAL_Driver/Src/stm32f4xx_hal_exti.c ****     if ((EXTI->RTSR & maskline) != 0x00u)
 384              		.loc 1 286 14
 385 0080 1A4B     		ldr	r3, .L26
 386 0082 9A68     		ldr	r2, [r3, #8]
 387              		.loc 1 286 21
 388 0084 3B69     		ldr	r3, [r7, #16]
 389 0086 1340     		ands	r3, r3, r2
 390              		.loc 1 286 8
 391 0088 002B     		cmp	r3, #0
 392 008a 02D0     		beq	.L24
 287:Drivers/STM32F4xx_HAL_Driver/Src/stm32f4xx_hal_exti.c ****     {
 288:Drivers/STM32F4xx_HAL_Driver/Src/stm32f4xx_hal_exti.c ****       pExtiConfig->Trigger = EXTI_TRIGGER_RISING;
 393              		.loc 1 288 28
 394 008c 3B68     		ldr	r3, [r7]
 395 008e 0122     		movs	r2, #1
 396 0090 9A60     		str	r2, [r3, #8]
 397              	.L24:
 289:Drivers/STM32F4xx_HAL_Driver/Src/stm32f4xx_hal_exti.c ****     }
 290:Drivers/STM32F4xx_HAL_Driver/Src/stm32f4xx_hal_exti.c **** 
ARM GAS  C:\Users\Korolev\AppData\Local\Temp\ccQQi6dI.s 			page 13


 291:Drivers/STM32F4xx_HAL_Driver/Src/stm32f4xx_hal_exti.c ****     /* Get falling configuration */
 292:Drivers/STM32F4xx_HAL_Driver/Src/stm32f4xx_hal_exti.c ****     /* Check if configuration of selected line is enable */
 293:Drivers/STM32F4xx_HAL_Driver/Src/stm32f4xx_hal_exti.c ****     if ((EXTI->FTSR & maskline) != 0x00u)
 398              		.loc 1 293 14
 399 0092 164B     		ldr	r3, .L26
 400 0094 DA68     		ldr	r2, [r3, #12]
 401              		.loc 1 293 21
 402 0096 3B69     		ldr	r3, [r7, #16]
 403 0098 1340     		ands	r3, r3, r2
 404              		.loc 1 293 8
 405 009a 002B     		cmp	r3, #0
 406 009c 05D0     		beq	.L25
 294:Drivers/STM32F4xx_HAL_Driver/Src/stm32f4xx_hal_exti.c ****     {
 295:Drivers/STM32F4xx_HAL_Driver/Src/stm32f4xx_hal_exti.c ****       pExtiConfig->Trigger |= EXTI_TRIGGER_FALLING;
 407              		.loc 1 295 18
 408 009e 3B68     		ldr	r3, [r7]
 409 00a0 9B68     		ldr	r3, [r3, #8]
 410              		.loc 1 295 28
 411 00a2 43F00202 		orr	r2, r3, #2
 412 00a6 3B68     		ldr	r3, [r7]
 413 00a8 9A60     		str	r2, [r3, #8]
 414              	.L25:
 296:Drivers/STM32F4xx_HAL_Driver/Src/stm32f4xx_hal_exti.c ****     }
 297:Drivers/STM32F4xx_HAL_Driver/Src/stm32f4xx_hal_exti.c **** 
 298:Drivers/STM32F4xx_HAL_Driver/Src/stm32f4xx_hal_exti.c ****     /* Get Gpio port selection for gpio lines */
 299:Drivers/STM32F4xx_HAL_Driver/Src/stm32f4xx_hal_exti.c ****     if ((pExtiConfig->Line & EXTI_GPIO) == EXTI_GPIO)
 415              		.loc 1 299 21
 416 00aa 3B68     		ldr	r3, [r7]
 417 00ac 1B68     		ldr	r3, [r3]
 418              		.loc 1 299 28
 419 00ae 03F0C063 		and	r3, r3, #100663296
 420              		.loc 1 299 8
 421 00b2 B3F1C06F 		cmp	r3, #100663296
 422 00b6 12D1     		bne	.L23
 300:Drivers/STM32F4xx_HAL_Driver/Src/stm32f4xx_hal_exti.c ****     {
 301:Drivers/STM32F4xx_HAL_Driver/Src/stm32f4xx_hal_exti.c ****       assert_param(IS_EXTI_GPIO_PIN(linepos));
 302:Drivers/STM32F4xx_HAL_Driver/Src/stm32f4xx_hal_exti.c **** 
 303:Drivers/STM32F4xx_HAL_Driver/Src/stm32f4xx_hal_exti.c ****       regval = (SYSCFG->EXTICR[linepos >> 2u] << 16u );
 423              		.loc 1 303 23
 424 00b8 0D4A     		ldr	r2, .L26+4
 425              		.loc 1 303 40
 426 00ba 7B69     		ldr	r3, [r7, #20]
 427 00bc 9B08     		lsrs	r3, r3, #2
 428              		.loc 1 303 31
 429 00be 0233     		adds	r3, r3, #2
 430 00c0 52F82330 		ldr	r3, [r2, r3, lsl #2]
 431              		.loc 1 303 14
 432 00c4 1B04     		lsls	r3, r3, #16
 433 00c6 FB60     		str	r3, [r7, #12]
 304:Drivers/STM32F4xx_HAL_Driver/Src/stm32f4xx_hal_exti.c ****       pExtiConfig->GPIOSel = ((regval << (SYSCFG_EXTICR1_EXTI1_Pos * (3uL - (linepos & 0x03u)))) >>
 434              		.loc 1 304 75
 435 00c8 7B69     		ldr	r3, [r7, #20]
 436 00ca DB43     		mvns	r3, r3
 437 00cc 03F00303 		and	r3, r3, #3
 438              		.loc 1 304 68
 439 00d0 9B00     		lsls	r3, r3, #2
 440              		.loc 1 304 39
ARM GAS  C:\Users\Korolev\AppData\Local\Temp\ccQQi6dI.s 			page 14


 441 00d2 FA68     		ldr	r2, [r7, #12]
 442 00d4 02FA03F3 		lsl	r3, r2, r3
 443              		.loc 1 304 98
 444 00d8 1A0F     		lsrs	r2, r3, #28
 445              		.loc 1 304 28
 446 00da 3B68     		ldr	r3, [r7]
 447 00dc DA60     		str	r2, [r3, #12]
 448              	.L23:
 305:Drivers/STM32F4xx_HAL_Driver/Src/stm32f4xx_hal_exti.c ****     }
 306:Drivers/STM32F4xx_HAL_Driver/Src/stm32f4xx_hal_exti.c ****   }
 307:Drivers/STM32F4xx_HAL_Driver/Src/stm32f4xx_hal_exti.c **** 
 308:Drivers/STM32F4xx_HAL_Driver/Src/stm32f4xx_hal_exti.c ****   return HAL_OK;
 449              		.loc 1 308 10
 450 00de 0023     		movs	r3, #0
 451              	.L19:
 309:Drivers/STM32F4xx_HAL_Driver/Src/stm32f4xx_hal_exti.c **** }
 452              		.loc 1 309 1
 453 00e0 1846     		mov	r0, r3
 454 00e2 1C37     		adds	r7, r7, #28
 455              		.cfi_def_cfa_offset 4
 456 00e4 BD46     		mov	sp, r7
 457              		.cfi_def_cfa_register 13
 458              		@ sp needed
 459 00e6 5DF8047B 		ldr	r7, [sp], #4
 460              		.cfi_restore 7
 461              		.cfi_def_cfa_offset 0
 462 00ea 7047     		bx	lr
 463              	.L27:
 464              		.align	2
 465              	.L26:
 466 00ec 003C0140 		.word	1073822720
 467 00f0 00380140 		.word	1073821696
 468              		.cfi_endproc
 469              	.LFE131:
 471              		.section	.text.HAL_EXTI_ClearConfigLine,"ax",%progbits
 472              		.align	1
 473              		.global	HAL_EXTI_ClearConfigLine
 474              		.syntax unified
 475              		.thumb
 476              		.thumb_func
 478              	HAL_EXTI_ClearConfigLine:
 479              	.LFB132:
 310:Drivers/STM32F4xx_HAL_Driver/Src/stm32f4xx_hal_exti.c **** 
 311:Drivers/STM32F4xx_HAL_Driver/Src/stm32f4xx_hal_exti.c **** /**
 312:Drivers/STM32F4xx_HAL_Driver/Src/stm32f4xx_hal_exti.c ****   * @brief  Clear whole configuration of a dedicated Exti line.
 313:Drivers/STM32F4xx_HAL_Driver/Src/stm32f4xx_hal_exti.c ****   * @param  hexti Exti handle.
 314:Drivers/STM32F4xx_HAL_Driver/Src/stm32f4xx_hal_exti.c ****   * @retval HAL Status.
 315:Drivers/STM32F4xx_HAL_Driver/Src/stm32f4xx_hal_exti.c ****   */
 316:Drivers/STM32F4xx_HAL_Driver/Src/stm32f4xx_hal_exti.c **** HAL_StatusTypeDef HAL_EXTI_ClearConfigLine(EXTI_HandleTypeDef *hexti)
 317:Drivers/STM32F4xx_HAL_Driver/Src/stm32f4xx_hal_exti.c **** {
 480              		.loc 1 317 1
 481              		.cfi_startproc
 482              		@ args = 0, pretend = 0, frame = 24
 483              		@ frame_needed = 1, uses_anonymous_args = 0
 484              		@ link register save eliminated.
 485 0000 80B4     		push	{r7}
 486              		.cfi_def_cfa_offset 4
ARM GAS  C:\Users\Korolev\AppData\Local\Temp\ccQQi6dI.s 			page 15


 487              		.cfi_offset 7, -4
 488 0002 87B0     		sub	sp, sp, #28
 489              		.cfi_def_cfa_offset 32
 490 0004 00AF     		add	r7, sp, #0
 491              		.cfi_def_cfa_register 7
 492 0006 7860     		str	r0, [r7, #4]
 318:Drivers/STM32F4xx_HAL_Driver/Src/stm32f4xx_hal_exti.c ****   uint32_t regval;
 319:Drivers/STM32F4xx_HAL_Driver/Src/stm32f4xx_hal_exti.c ****   uint32_t linepos;
 320:Drivers/STM32F4xx_HAL_Driver/Src/stm32f4xx_hal_exti.c ****   uint32_t maskline;
 321:Drivers/STM32F4xx_HAL_Driver/Src/stm32f4xx_hal_exti.c **** 
 322:Drivers/STM32F4xx_HAL_Driver/Src/stm32f4xx_hal_exti.c ****   /* Check null pointer */
 323:Drivers/STM32F4xx_HAL_Driver/Src/stm32f4xx_hal_exti.c ****   if (hexti == NULL)
 493              		.loc 1 323 6
 494 0008 7B68     		ldr	r3, [r7, #4]
 495 000a 002B     		cmp	r3, #0
 496 000c 01D1     		bne	.L29
 324:Drivers/STM32F4xx_HAL_Driver/Src/stm32f4xx_hal_exti.c ****   {
 325:Drivers/STM32F4xx_HAL_Driver/Src/stm32f4xx_hal_exti.c ****     return HAL_ERROR;
 497              		.loc 1 325 12
 498 000e 0123     		movs	r3, #1
 499 0010 4CE0     		b	.L30
 500              	.L29:
 326:Drivers/STM32F4xx_HAL_Driver/Src/stm32f4xx_hal_exti.c ****   }
 327:Drivers/STM32F4xx_HAL_Driver/Src/stm32f4xx_hal_exti.c **** 
 328:Drivers/STM32F4xx_HAL_Driver/Src/stm32f4xx_hal_exti.c ****   /* Check the parameter */
 329:Drivers/STM32F4xx_HAL_Driver/Src/stm32f4xx_hal_exti.c ****   assert_param(IS_EXTI_LINE(hexti->Line));
 330:Drivers/STM32F4xx_HAL_Driver/Src/stm32f4xx_hal_exti.c **** 
 331:Drivers/STM32F4xx_HAL_Driver/Src/stm32f4xx_hal_exti.c ****   /* compute line mask */
 332:Drivers/STM32F4xx_HAL_Driver/Src/stm32f4xx_hal_exti.c ****   linepos = (hexti->Line & EXTI_PIN_MASK);
 501              		.loc 1 332 19
 502 0012 7B68     		ldr	r3, [r7, #4]
 503 0014 1B68     		ldr	r3, [r3]
 504              		.loc 1 332 11
 505 0016 03F01F03 		and	r3, r3, #31
 506 001a 7B61     		str	r3, [r7, #20]
 333:Drivers/STM32F4xx_HAL_Driver/Src/stm32f4xx_hal_exti.c ****   maskline = (1uL << linepos);
 507              		.loc 1 333 12
 508 001c 0122     		movs	r2, #1
 509 001e 7B69     		ldr	r3, [r7, #20]
 510 0020 02FA03F3 		lsl	r3, r2, r3
 511 0024 3B61     		str	r3, [r7, #16]
 334:Drivers/STM32F4xx_HAL_Driver/Src/stm32f4xx_hal_exti.c **** 
 335:Drivers/STM32F4xx_HAL_Driver/Src/stm32f4xx_hal_exti.c ****   /* 1] Clear interrupt mode */
 336:Drivers/STM32F4xx_HAL_Driver/Src/stm32f4xx_hal_exti.c ****   EXTI->IMR = (EXTI->IMR & ~maskline);
 512              		.loc 1 336 20
 513 0026 244B     		ldr	r3, .L32
 514 0028 1A68     		ldr	r2, [r3]
 515              		.loc 1 336 28
 516 002a 3B69     		ldr	r3, [r7, #16]
 517 002c DB43     		mvns	r3, r3
 518              		.loc 1 336 7
 519 002e 2249     		ldr	r1, .L32
 520              		.loc 1 336 26
 521 0030 1340     		ands	r3, r3, r2
 522              		.loc 1 336 13
 523 0032 0B60     		str	r3, [r1]
 337:Drivers/STM32F4xx_HAL_Driver/Src/stm32f4xx_hal_exti.c **** 
ARM GAS  C:\Users\Korolev\AppData\Local\Temp\ccQQi6dI.s 			page 16


 338:Drivers/STM32F4xx_HAL_Driver/Src/stm32f4xx_hal_exti.c ****   /* 2] Clear event mode */
 339:Drivers/STM32F4xx_HAL_Driver/Src/stm32f4xx_hal_exti.c ****   EXTI->EMR = (EXTI->EMR & ~maskline);
 524              		.loc 1 339 20
 525 0034 204B     		ldr	r3, .L32
 526 0036 5A68     		ldr	r2, [r3, #4]
 527              		.loc 1 339 28
 528 0038 3B69     		ldr	r3, [r7, #16]
 529 003a DB43     		mvns	r3, r3
 530              		.loc 1 339 7
 531 003c 1E49     		ldr	r1, .L32
 532              		.loc 1 339 26
 533 003e 1340     		ands	r3, r3, r2
 534              		.loc 1 339 13
 535 0040 4B60     		str	r3, [r1, #4]
 340:Drivers/STM32F4xx_HAL_Driver/Src/stm32f4xx_hal_exti.c **** 
 341:Drivers/STM32F4xx_HAL_Driver/Src/stm32f4xx_hal_exti.c ****   /* 3] Clear triggers in case of configurable lines */
 342:Drivers/STM32F4xx_HAL_Driver/Src/stm32f4xx_hal_exti.c ****   if ((hexti->Line & EXTI_CONFIG) != 0x00u)
 536              		.loc 1 342 13
 537 0042 7B68     		ldr	r3, [r7, #4]
 538 0044 1B68     		ldr	r3, [r3]
 539              		.loc 1 342 20
 540 0046 03F00073 		and	r3, r3, #33554432
 541              		.loc 1 342 6
 542 004a 002B     		cmp	r3, #0
 543 004c 2DD0     		beq	.L31
 343:Drivers/STM32F4xx_HAL_Driver/Src/stm32f4xx_hal_exti.c ****   {
 344:Drivers/STM32F4xx_HAL_Driver/Src/stm32f4xx_hal_exti.c ****     EXTI->RTSR = (EXTI->RTSR & ~maskline);
 544              		.loc 1 344 23
 545 004e 1A4B     		ldr	r3, .L32
 546 0050 9A68     		ldr	r2, [r3, #8]
 547              		.loc 1 344 32
 548 0052 3B69     		ldr	r3, [r7, #16]
 549 0054 DB43     		mvns	r3, r3
 550              		.loc 1 344 9
 551 0056 1849     		ldr	r1, .L32
 552              		.loc 1 344 30
 553 0058 1340     		ands	r3, r3, r2
 554              		.loc 1 344 16
 555 005a 8B60     		str	r3, [r1, #8]
 345:Drivers/STM32F4xx_HAL_Driver/Src/stm32f4xx_hal_exti.c ****     EXTI->FTSR = (EXTI->FTSR & ~maskline);
 556              		.loc 1 345 23
 557 005c 164B     		ldr	r3, .L32
 558 005e DA68     		ldr	r2, [r3, #12]
 559              		.loc 1 345 32
 560 0060 3B69     		ldr	r3, [r7, #16]
 561 0062 DB43     		mvns	r3, r3
 562              		.loc 1 345 9
 563 0064 1449     		ldr	r1, .L32
 564              		.loc 1 345 30
 565 0066 1340     		ands	r3, r3, r2
 566              		.loc 1 345 16
 567 0068 CB60     		str	r3, [r1, #12]
 346:Drivers/STM32F4xx_HAL_Driver/Src/stm32f4xx_hal_exti.c **** 
 347:Drivers/STM32F4xx_HAL_Driver/Src/stm32f4xx_hal_exti.c ****     /* Get Gpio port selection for gpio lines */
 348:Drivers/STM32F4xx_HAL_Driver/Src/stm32f4xx_hal_exti.c ****     if ((hexti->Line & EXTI_GPIO) == EXTI_GPIO)
 568              		.loc 1 348 15
 569 006a 7B68     		ldr	r3, [r7, #4]
ARM GAS  C:\Users\Korolev\AppData\Local\Temp\ccQQi6dI.s 			page 17


 570 006c 1B68     		ldr	r3, [r3]
 571              		.loc 1 348 22
 572 006e 03F0C063 		and	r3, r3, #100663296
 573              		.loc 1 348 8
 574 0072 B3F1C06F 		cmp	r3, #100663296
 575 0076 18D1     		bne	.L31
 349:Drivers/STM32F4xx_HAL_Driver/Src/stm32f4xx_hal_exti.c ****     {
 350:Drivers/STM32F4xx_HAL_Driver/Src/stm32f4xx_hal_exti.c ****       assert_param(IS_EXTI_GPIO_PIN(linepos));
 351:Drivers/STM32F4xx_HAL_Driver/Src/stm32f4xx_hal_exti.c **** 
 352:Drivers/STM32F4xx_HAL_Driver/Src/stm32f4xx_hal_exti.c ****       regval = SYSCFG->EXTICR[linepos >> 2u];
 576              		.loc 1 352 22
 577 0078 104A     		ldr	r2, .L32+4
 578              		.loc 1 352 39
 579 007a 7B69     		ldr	r3, [r7, #20]
 580 007c 9B08     		lsrs	r3, r3, #2
 581              		.loc 1 352 14
 582 007e 0233     		adds	r3, r3, #2
 583 0080 52F82330 		ldr	r3, [r2, r3, lsl #2]
 584 0084 FB60     		str	r3, [r7, #12]
 353:Drivers/STM32F4xx_HAL_Driver/Src/stm32f4xx_hal_exti.c ****       regval &= ~(SYSCFG_EXTICR1_EXTI0 << (SYSCFG_EXTICR1_EXTI1_Pos * (linepos & 0x03u)));
 585              		.loc 1 353 80
 586 0086 7B69     		ldr	r3, [r7, #20]
 587 0088 03F00303 		and	r3, r3, #3
 588              		.loc 1 353 69
 589 008c 9B00     		lsls	r3, r3, #2
 590              		.loc 1 353 40
 591 008e 0F22     		movs	r2, #15
 592 0090 02FA03F3 		lsl	r3, r2, r3
 593              		.loc 1 353 17
 594 0094 DB43     		mvns	r3, r3
 595              		.loc 1 353 14
 596 0096 FA68     		ldr	r2, [r7, #12]
 597 0098 1340     		ands	r3, r3, r2
 598 009a FB60     		str	r3, [r7, #12]
 354:Drivers/STM32F4xx_HAL_Driver/Src/stm32f4xx_hal_exti.c ****       SYSCFG->EXTICR[linepos >> 2u] = regval;
 599              		.loc 1 354 13
 600 009c 0749     		ldr	r1, .L32+4
 601              		.loc 1 354 30
 602 009e 7B69     		ldr	r3, [r7, #20]
 603 00a0 9B08     		lsrs	r3, r3, #2
 604              		.loc 1 354 37
 605 00a2 0233     		adds	r3, r3, #2
 606 00a4 FA68     		ldr	r2, [r7, #12]
 607 00a6 41F82320 		str	r2, [r1, r3, lsl #2]
 608              	.L31:
 355:Drivers/STM32F4xx_HAL_Driver/Src/stm32f4xx_hal_exti.c ****     }
 356:Drivers/STM32F4xx_HAL_Driver/Src/stm32f4xx_hal_exti.c ****   }
 357:Drivers/STM32F4xx_HAL_Driver/Src/stm32f4xx_hal_exti.c **** 
 358:Drivers/STM32F4xx_HAL_Driver/Src/stm32f4xx_hal_exti.c ****   return HAL_OK;
 609              		.loc 1 358 10
 610 00aa 0023     		movs	r3, #0
 611              	.L30:
 359:Drivers/STM32F4xx_HAL_Driver/Src/stm32f4xx_hal_exti.c **** }
 612              		.loc 1 359 1
 613 00ac 1846     		mov	r0, r3
 614 00ae 1C37     		adds	r7, r7, #28
 615              		.cfi_def_cfa_offset 4
ARM GAS  C:\Users\Korolev\AppData\Local\Temp\ccQQi6dI.s 			page 18


 616 00b0 BD46     		mov	sp, r7
 617              		.cfi_def_cfa_register 13
 618              		@ sp needed
 619 00b2 5DF8047B 		ldr	r7, [sp], #4
 620              		.cfi_restore 7
 621              		.cfi_def_cfa_offset 0
 622 00b6 7047     		bx	lr
 623              	.L33:
 624              		.align	2
 625              	.L32:
 626 00b8 003C0140 		.word	1073822720
 627 00bc 00380140 		.word	1073821696
 628              		.cfi_endproc
 629              	.LFE132:
 631              		.section	.text.HAL_EXTI_RegisterCallback,"ax",%progbits
 632              		.align	1
 633              		.global	HAL_EXTI_RegisterCallback
 634              		.syntax unified
 635              		.thumb
 636              		.thumb_func
 638              	HAL_EXTI_RegisterCallback:
 639              	.LFB133:
 360:Drivers/STM32F4xx_HAL_Driver/Src/stm32f4xx_hal_exti.c **** 
 361:Drivers/STM32F4xx_HAL_Driver/Src/stm32f4xx_hal_exti.c **** /**
 362:Drivers/STM32F4xx_HAL_Driver/Src/stm32f4xx_hal_exti.c ****   * @brief  Register callback for a dedicated Exti line.
 363:Drivers/STM32F4xx_HAL_Driver/Src/stm32f4xx_hal_exti.c ****   * @param  hexti Exti handle.
 364:Drivers/STM32F4xx_HAL_Driver/Src/stm32f4xx_hal_exti.c ****   * @param  CallbackID User callback identifier.
 365:Drivers/STM32F4xx_HAL_Driver/Src/stm32f4xx_hal_exti.c ****   *         This parameter can be one of @arg @ref EXTI_CallbackIDTypeDef values.
 366:Drivers/STM32F4xx_HAL_Driver/Src/stm32f4xx_hal_exti.c ****   * @param  pPendingCbfn function pointer to be stored as callback.
 367:Drivers/STM32F4xx_HAL_Driver/Src/stm32f4xx_hal_exti.c ****   * @retval HAL Status.
 368:Drivers/STM32F4xx_HAL_Driver/Src/stm32f4xx_hal_exti.c ****   */
 369:Drivers/STM32F4xx_HAL_Driver/Src/stm32f4xx_hal_exti.c **** HAL_StatusTypeDef HAL_EXTI_RegisterCallback(EXTI_HandleTypeDef *hexti, EXTI_CallbackIDTypeDef Callb
 370:Drivers/STM32F4xx_HAL_Driver/Src/stm32f4xx_hal_exti.c **** {
 640              		.loc 1 370 1
 641              		.cfi_startproc
 642              		@ args = 0, pretend = 0, frame = 24
 643              		@ frame_needed = 1, uses_anonymous_args = 0
 644              		@ link register save eliminated.
 645 0000 80B4     		push	{r7}
 646              		.cfi_def_cfa_offset 4
 647              		.cfi_offset 7, -4
 648 0002 87B0     		sub	sp, sp, #28
 649              		.cfi_def_cfa_offset 32
 650 0004 00AF     		add	r7, sp, #0
 651              		.cfi_def_cfa_register 7
 652 0006 F860     		str	r0, [r7, #12]
 653 0008 0B46     		mov	r3, r1
 654 000a 7A60     		str	r2, [r7, #4]
 655 000c FB72     		strb	r3, [r7, #11]
 371:Drivers/STM32F4xx_HAL_Driver/Src/stm32f4xx_hal_exti.c ****   HAL_StatusTypeDef status = HAL_OK;
 656              		.loc 1 371 21
 657 000e 0023     		movs	r3, #0
 658 0010 FB75     		strb	r3, [r7, #23]
 372:Drivers/STM32F4xx_HAL_Driver/Src/stm32f4xx_hal_exti.c **** 
 373:Drivers/STM32F4xx_HAL_Driver/Src/stm32f4xx_hal_exti.c ****   switch (CallbackID)
 659              		.loc 1 373 3
 660 0012 FB7A     		ldrb	r3, [r7, #11]	@ zero_extendqisi2
ARM GAS  C:\Users\Korolev\AppData\Local\Temp\ccQQi6dI.s 			page 19


 661 0014 002B     		cmp	r3, #0
 662 0016 03D1     		bne	.L35
 374:Drivers/STM32F4xx_HAL_Driver/Src/stm32f4xx_hal_exti.c ****   {
 375:Drivers/STM32F4xx_HAL_Driver/Src/stm32f4xx_hal_exti.c ****     case  HAL_EXTI_COMMON_CB_ID:
 376:Drivers/STM32F4xx_HAL_Driver/Src/stm32f4xx_hal_exti.c ****       hexti->PendingCallback = pPendingCbfn;
 663              		.loc 1 376 30
 664 0018 FB68     		ldr	r3, [r7, #12]
 665 001a 7A68     		ldr	r2, [r7, #4]
 666 001c 5A60     		str	r2, [r3, #4]
 377:Drivers/STM32F4xx_HAL_Driver/Src/stm32f4xx_hal_exti.c ****       break;
 667              		.loc 1 377 7
 668 001e 02E0     		b	.L36
 669              	.L35:
 378:Drivers/STM32F4xx_HAL_Driver/Src/stm32f4xx_hal_exti.c **** 
 379:Drivers/STM32F4xx_HAL_Driver/Src/stm32f4xx_hal_exti.c ****     default:
 380:Drivers/STM32F4xx_HAL_Driver/Src/stm32f4xx_hal_exti.c ****       status = HAL_ERROR;
 670              		.loc 1 380 14
 671 0020 0123     		movs	r3, #1
 672 0022 FB75     		strb	r3, [r7, #23]
 381:Drivers/STM32F4xx_HAL_Driver/Src/stm32f4xx_hal_exti.c ****       break;
 673              		.loc 1 381 7
 674 0024 00BF     		nop
 675              	.L36:
 382:Drivers/STM32F4xx_HAL_Driver/Src/stm32f4xx_hal_exti.c ****   }
 383:Drivers/STM32F4xx_HAL_Driver/Src/stm32f4xx_hal_exti.c **** 
 384:Drivers/STM32F4xx_HAL_Driver/Src/stm32f4xx_hal_exti.c ****   return status;
 676              		.loc 1 384 10
 677 0026 FB7D     		ldrb	r3, [r7, #23]	@ zero_extendqisi2
 385:Drivers/STM32F4xx_HAL_Driver/Src/stm32f4xx_hal_exti.c **** }
 678              		.loc 1 385 1
 679 0028 1846     		mov	r0, r3
 680 002a 1C37     		adds	r7, r7, #28
 681              		.cfi_def_cfa_offset 4
 682 002c BD46     		mov	sp, r7
 683              		.cfi_def_cfa_register 13
 684              		@ sp needed
 685 002e 5DF8047B 		ldr	r7, [sp], #4
 686              		.cfi_restore 7
 687              		.cfi_def_cfa_offset 0
 688 0032 7047     		bx	lr
 689              		.cfi_endproc
 690              	.LFE133:
 692              		.section	.text.HAL_EXTI_GetHandle,"ax",%progbits
 693              		.align	1
 694              		.global	HAL_EXTI_GetHandle
 695              		.syntax unified
 696              		.thumb
 697              		.thumb_func
 699              	HAL_EXTI_GetHandle:
 700              	.LFB134:
 386:Drivers/STM32F4xx_HAL_Driver/Src/stm32f4xx_hal_exti.c **** 
 387:Drivers/STM32F4xx_HAL_Driver/Src/stm32f4xx_hal_exti.c **** /**
 388:Drivers/STM32F4xx_HAL_Driver/Src/stm32f4xx_hal_exti.c ****   * @brief  Store line number as handle private field.
 389:Drivers/STM32F4xx_HAL_Driver/Src/stm32f4xx_hal_exti.c ****   * @param  hexti Exti handle.
 390:Drivers/STM32F4xx_HAL_Driver/Src/stm32f4xx_hal_exti.c ****   * @param  ExtiLine Exti line number.
 391:Drivers/STM32F4xx_HAL_Driver/Src/stm32f4xx_hal_exti.c ****   *         This parameter can be from 0 to @ref EXTI_LINE_NB.
 392:Drivers/STM32F4xx_HAL_Driver/Src/stm32f4xx_hal_exti.c ****   * @retval HAL Status.
ARM GAS  C:\Users\Korolev\AppData\Local\Temp\ccQQi6dI.s 			page 20


 393:Drivers/STM32F4xx_HAL_Driver/Src/stm32f4xx_hal_exti.c ****   */
 394:Drivers/STM32F4xx_HAL_Driver/Src/stm32f4xx_hal_exti.c **** HAL_StatusTypeDef HAL_EXTI_GetHandle(EXTI_HandleTypeDef *hexti, uint32_t ExtiLine)
 395:Drivers/STM32F4xx_HAL_Driver/Src/stm32f4xx_hal_exti.c **** {
 701              		.loc 1 395 1
 702              		.cfi_startproc
 703              		@ args = 0, pretend = 0, frame = 8
 704              		@ frame_needed = 1, uses_anonymous_args = 0
 705              		@ link register save eliminated.
 706 0000 80B4     		push	{r7}
 707              		.cfi_def_cfa_offset 4
 708              		.cfi_offset 7, -4
 709 0002 83B0     		sub	sp, sp, #12
 710              		.cfi_def_cfa_offset 16
 711 0004 00AF     		add	r7, sp, #0
 712              		.cfi_def_cfa_register 7
 713 0006 7860     		str	r0, [r7, #4]
 714 0008 3960     		str	r1, [r7]
 396:Drivers/STM32F4xx_HAL_Driver/Src/stm32f4xx_hal_exti.c ****   /* Check the parameters */
 397:Drivers/STM32F4xx_HAL_Driver/Src/stm32f4xx_hal_exti.c ****   assert_param(IS_EXTI_LINE(ExtiLine));
 398:Drivers/STM32F4xx_HAL_Driver/Src/stm32f4xx_hal_exti.c **** 
 399:Drivers/STM32F4xx_HAL_Driver/Src/stm32f4xx_hal_exti.c ****   /* Check null pointer */
 400:Drivers/STM32F4xx_HAL_Driver/Src/stm32f4xx_hal_exti.c ****   if (hexti == NULL)
 715              		.loc 1 400 6
 716 000a 7B68     		ldr	r3, [r7, #4]
 717 000c 002B     		cmp	r3, #0
 718 000e 01D1     		bne	.L39
 401:Drivers/STM32F4xx_HAL_Driver/Src/stm32f4xx_hal_exti.c ****   {
 402:Drivers/STM32F4xx_HAL_Driver/Src/stm32f4xx_hal_exti.c ****     return HAL_ERROR;
 719              		.loc 1 402 12
 720 0010 0123     		movs	r3, #1
 721 0012 03E0     		b	.L40
 722              	.L39:
 403:Drivers/STM32F4xx_HAL_Driver/Src/stm32f4xx_hal_exti.c ****   }
 404:Drivers/STM32F4xx_HAL_Driver/Src/stm32f4xx_hal_exti.c ****   else
 405:Drivers/STM32F4xx_HAL_Driver/Src/stm32f4xx_hal_exti.c ****   {
 406:Drivers/STM32F4xx_HAL_Driver/Src/stm32f4xx_hal_exti.c ****     /* Store line number as handle private field */
 407:Drivers/STM32F4xx_HAL_Driver/Src/stm32f4xx_hal_exti.c ****     hexti->Line = ExtiLine;
 723              		.loc 1 407 17
 724 0014 7B68     		ldr	r3, [r7, #4]
 725 0016 3A68     		ldr	r2, [r7]
 726 0018 1A60     		str	r2, [r3]
 408:Drivers/STM32F4xx_HAL_Driver/Src/stm32f4xx_hal_exti.c **** 
 409:Drivers/STM32F4xx_HAL_Driver/Src/stm32f4xx_hal_exti.c ****     return HAL_OK;
 727              		.loc 1 409 12
 728 001a 0023     		movs	r3, #0
 729              	.L40:
 410:Drivers/STM32F4xx_HAL_Driver/Src/stm32f4xx_hal_exti.c ****   }
 411:Drivers/STM32F4xx_HAL_Driver/Src/stm32f4xx_hal_exti.c **** }
 730              		.loc 1 411 1
 731 001c 1846     		mov	r0, r3
 732 001e 0C37     		adds	r7, r7, #12
 733              		.cfi_def_cfa_offset 4
 734 0020 BD46     		mov	sp, r7
 735              		.cfi_def_cfa_register 13
 736              		@ sp needed
 737 0022 5DF8047B 		ldr	r7, [sp], #4
 738              		.cfi_restore 7
ARM GAS  C:\Users\Korolev\AppData\Local\Temp\ccQQi6dI.s 			page 21


 739              		.cfi_def_cfa_offset 0
 740 0026 7047     		bx	lr
 741              		.cfi_endproc
 742              	.LFE134:
 744              		.section	.text.HAL_EXTI_IRQHandler,"ax",%progbits
 745              		.align	1
 746              		.global	HAL_EXTI_IRQHandler
 747              		.syntax unified
 748              		.thumb
 749              		.thumb_func
 751              	HAL_EXTI_IRQHandler:
 752              	.LFB135:
 412:Drivers/STM32F4xx_HAL_Driver/Src/stm32f4xx_hal_exti.c **** 
 413:Drivers/STM32F4xx_HAL_Driver/Src/stm32f4xx_hal_exti.c **** /**
 414:Drivers/STM32F4xx_HAL_Driver/Src/stm32f4xx_hal_exti.c ****   * @}
 415:Drivers/STM32F4xx_HAL_Driver/Src/stm32f4xx_hal_exti.c ****   */
 416:Drivers/STM32F4xx_HAL_Driver/Src/stm32f4xx_hal_exti.c **** 
 417:Drivers/STM32F4xx_HAL_Driver/Src/stm32f4xx_hal_exti.c **** /** @addtogroup EXTI_Exported_Functions_Group2
 418:Drivers/STM32F4xx_HAL_Driver/Src/stm32f4xx_hal_exti.c ****   *  @brief EXTI IO functions.
 419:Drivers/STM32F4xx_HAL_Driver/Src/stm32f4xx_hal_exti.c ****   *
 420:Drivers/STM32F4xx_HAL_Driver/Src/stm32f4xx_hal_exti.c **** @verbatim
 421:Drivers/STM32F4xx_HAL_Driver/Src/stm32f4xx_hal_exti.c ****  ===============================================================================
 422:Drivers/STM32F4xx_HAL_Driver/Src/stm32f4xx_hal_exti.c ****                        ##### IO operation functions #####
 423:Drivers/STM32F4xx_HAL_Driver/Src/stm32f4xx_hal_exti.c ****  ===============================================================================
 424:Drivers/STM32F4xx_HAL_Driver/Src/stm32f4xx_hal_exti.c **** 
 425:Drivers/STM32F4xx_HAL_Driver/Src/stm32f4xx_hal_exti.c **** @endverbatim
 426:Drivers/STM32F4xx_HAL_Driver/Src/stm32f4xx_hal_exti.c ****   * @{
 427:Drivers/STM32F4xx_HAL_Driver/Src/stm32f4xx_hal_exti.c ****   */
 428:Drivers/STM32F4xx_HAL_Driver/Src/stm32f4xx_hal_exti.c **** 
 429:Drivers/STM32F4xx_HAL_Driver/Src/stm32f4xx_hal_exti.c **** /**
 430:Drivers/STM32F4xx_HAL_Driver/Src/stm32f4xx_hal_exti.c ****   * @brief  Handle EXTI interrupt request.
 431:Drivers/STM32F4xx_HAL_Driver/Src/stm32f4xx_hal_exti.c ****   * @param  hexti Exti handle.
 432:Drivers/STM32F4xx_HAL_Driver/Src/stm32f4xx_hal_exti.c ****   * @retval none.
 433:Drivers/STM32F4xx_HAL_Driver/Src/stm32f4xx_hal_exti.c ****   */
 434:Drivers/STM32F4xx_HAL_Driver/Src/stm32f4xx_hal_exti.c **** void HAL_EXTI_IRQHandler(EXTI_HandleTypeDef *hexti)
 435:Drivers/STM32F4xx_HAL_Driver/Src/stm32f4xx_hal_exti.c **** {
 753              		.loc 1 435 1
 754              		.cfi_startproc
 755              		@ args = 0, pretend = 0, frame = 16
 756              		@ frame_needed = 1, uses_anonymous_args = 0
 757 0000 80B5     		push	{r7, lr}
 758              		.cfi_def_cfa_offset 8
 759              		.cfi_offset 7, -8
 760              		.cfi_offset 14, -4
 761 0002 84B0     		sub	sp, sp, #16
 762              		.cfi_def_cfa_offset 24
 763 0004 00AF     		add	r7, sp, #0
 764              		.cfi_def_cfa_register 7
 765 0006 7860     		str	r0, [r7, #4]
 436:Drivers/STM32F4xx_HAL_Driver/Src/stm32f4xx_hal_exti.c ****   uint32_t regval;
 437:Drivers/STM32F4xx_HAL_Driver/Src/stm32f4xx_hal_exti.c ****   uint32_t maskline;
 438:Drivers/STM32F4xx_HAL_Driver/Src/stm32f4xx_hal_exti.c **** 
 439:Drivers/STM32F4xx_HAL_Driver/Src/stm32f4xx_hal_exti.c ****   /* Compute line mask */
 440:Drivers/STM32F4xx_HAL_Driver/Src/stm32f4xx_hal_exti.c ****   maskline = (1uL << (hexti->Line & EXTI_PIN_MASK));
 766              		.loc 1 440 28
 767 0008 7B68     		ldr	r3, [r7, #4]
 768 000a 1B68     		ldr	r3, [r3]
ARM GAS  C:\Users\Korolev\AppData\Local\Temp\ccQQi6dI.s 			page 22


 769              		.loc 1 440 35
 770 000c 03F01F03 		and	r3, r3, #31
 771              		.loc 1 440 12
 772 0010 0122     		movs	r2, #1
 773 0012 02FA03F3 		lsl	r3, r2, r3
 774 0016 FB60     		str	r3, [r7, #12]
 441:Drivers/STM32F4xx_HAL_Driver/Src/stm32f4xx_hal_exti.c **** 
 442:Drivers/STM32F4xx_HAL_Driver/Src/stm32f4xx_hal_exti.c ****   /* Get pending bit  */
 443:Drivers/STM32F4xx_HAL_Driver/Src/stm32f4xx_hal_exti.c ****   regval = (EXTI->PR & maskline);
 775              		.loc 1 443 17
 776 0018 0A4B     		ldr	r3, .L44
 777 001a 5B69     		ldr	r3, [r3, #20]
 778              		.loc 1 443 10
 779 001c FA68     		ldr	r2, [r7, #12]
 780 001e 1340     		ands	r3, r3, r2
 781 0020 BB60     		str	r3, [r7, #8]
 444:Drivers/STM32F4xx_HAL_Driver/Src/stm32f4xx_hal_exti.c ****   if (regval != 0x00u)
 782              		.loc 1 444 6
 783 0022 BB68     		ldr	r3, [r7, #8]
 784 0024 002B     		cmp	r3, #0
 785 0026 09D0     		beq	.L43
 445:Drivers/STM32F4xx_HAL_Driver/Src/stm32f4xx_hal_exti.c ****   {
 446:Drivers/STM32F4xx_HAL_Driver/Src/stm32f4xx_hal_exti.c ****     /* Clear pending bit */
 447:Drivers/STM32F4xx_HAL_Driver/Src/stm32f4xx_hal_exti.c ****     EXTI->PR = maskline;
 786              		.loc 1 447 9
 787 0028 064A     		ldr	r2, .L44
 788              		.loc 1 447 14
 789 002a FB68     		ldr	r3, [r7, #12]
 790 002c 5361     		str	r3, [r2, #20]
 448:Drivers/STM32F4xx_HAL_Driver/Src/stm32f4xx_hal_exti.c **** 
 449:Drivers/STM32F4xx_HAL_Driver/Src/stm32f4xx_hal_exti.c ****     /* Call callback */
 450:Drivers/STM32F4xx_HAL_Driver/Src/stm32f4xx_hal_exti.c ****     if (hexti->PendingCallback != NULL)
 791              		.loc 1 450 14
 792 002e 7B68     		ldr	r3, [r7, #4]
 793 0030 5B68     		ldr	r3, [r3, #4]
 794              		.loc 1 450 8
 795 0032 002B     		cmp	r3, #0
 796 0034 02D0     		beq	.L43
 451:Drivers/STM32F4xx_HAL_Driver/Src/stm32f4xx_hal_exti.c ****     {
 452:Drivers/STM32F4xx_HAL_Driver/Src/stm32f4xx_hal_exti.c ****       hexti->PendingCallback();
 797              		.loc 1 452 12
 798 0036 7B68     		ldr	r3, [r7, #4]
 799 0038 5B68     		ldr	r3, [r3, #4]
 800              		.loc 1 452 7
 801 003a 9847     		blx	r3
 802              	.LVL0:
 803              	.L43:
 453:Drivers/STM32F4xx_HAL_Driver/Src/stm32f4xx_hal_exti.c ****     }
 454:Drivers/STM32F4xx_HAL_Driver/Src/stm32f4xx_hal_exti.c ****   }
 455:Drivers/STM32F4xx_HAL_Driver/Src/stm32f4xx_hal_exti.c **** }
 804              		.loc 1 455 1
 805 003c 00BF     		nop
 806 003e 1037     		adds	r7, r7, #16
 807              		.cfi_def_cfa_offset 8
 808 0040 BD46     		mov	sp, r7
 809              		.cfi_def_cfa_register 13
 810              		@ sp needed
ARM GAS  C:\Users\Korolev\AppData\Local\Temp\ccQQi6dI.s 			page 23


 811 0042 80BD     		pop	{r7, pc}
 812              	.L45:
 813              		.align	2
 814              	.L44:
 815 0044 003C0140 		.word	1073822720
 816              		.cfi_endproc
 817              	.LFE135:
 819              		.section	.text.HAL_EXTI_GetPending,"ax",%progbits
 820              		.align	1
 821              		.global	HAL_EXTI_GetPending
 822              		.syntax unified
 823              		.thumb
 824              		.thumb_func
 826              	HAL_EXTI_GetPending:
 827              	.LFB136:
 456:Drivers/STM32F4xx_HAL_Driver/Src/stm32f4xx_hal_exti.c **** 
 457:Drivers/STM32F4xx_HAL_Driver/Src/stm32f4xx_hal_exti.c **** /**
 458:Drivers/STM32F4xx_HAL_Driver/Src/stm32f4xx_hal_exti.c ****   * @brief  Get interrupt pending bit of a dedicated line.
 459:Drivers/STM32F4xx_HAL_Driver/Src/stm32f4xx_hal_exti.c ****   * @param  hexti Exti handle.
 460:Drivers/STM32F4xx_HAL_Driver/Src/stm32f4xx_hal_exti.c ****   * @param  Edge Specify which pending edge as to be checked.
 461:Drivers/STM32F4xx_HAL_Driver/Src/stm32f4xx_hal_exti.c ****   *         This parameter can be one of the following values:
 462:Drivers/STM32F4xx_HAL_Driver/Src/stm32f4xx_hal_exti.c ****   *           @arg @ref EXTI_TRIGGER_RISING_FALLING
 463:Drivers/STM32F4xx_HAL_Driver/Src/stm32f4xx_hal_exti.c ****   *         This parameter is kept for compatibility with other series.
 464:Drivers/STM32F4xx_HAL_Driver/Src/stm32f4xx_hal_exti.c ****   * @retval 1 if interrupt is pending else 0.
 465:Drivers/STM32F4xx_HAL_Driver/Src/stm32f4xx_hal_exti.c ****   */
 466:Drivers/STM32F4xx_HAL_Driver/Src/stm32f4xx_hal_exti.c **** uint32_t HAL_EXTI_GetPending(EXTI_HandleTypeDef *hexti, uint32_t Edge)
 467:Drivers/STM32F4xx_HAL_Driver/Src/stm32f4xx_hal_exti.c **** {
 828              		.loc 1 467 1
 829              		.cfi_startproc
 830              		@ args = 0, pretend = 0, frame = 24
 831              		@ frame_needed = 1, uses_anonymous_args = 0
 832              		@ link register save eliminated.
 833 0000 80B4     		push	{r7}
 834              		.cfi_def_cfa_offset 4
 835              		.cfi_offset 7, -4
 836 0002 87B0     		sub	sp, sp, #28
 837              		.cfi_def_cfa_offset 32
 838 0004 00AF     		add	r7, sp, #0
 839              		.cfi_def_cfa_register 7
 840 0006 7860     		str	r0, [r7, #4]
 841 0008 3960     		str	r1, [r7]
 468:Drivers/STM32F4xx_HAL_Driver/Src/stm32f4xx_hal_exti.c ****   uint32_t regval;
 469:Drivers/STM32F4xx_HAL_Driver/Src/stm32f4xx_hal_exti.c ****   uint32_t linepos;
 470:Drivers/STM32F4xx_HAL_Driver/Src/stm32f4xx_hal_exti.c ****   uint32_t maskline;
 471:Drivers/STM32F4xx_HAL_Driver/Src/stm32f4xx_hal_exti.c **** 
 472:Drivers/STM32F4xx_HAL_Driver/Src/stm32f4xx_hal_exti.c ****   /* Check parameters */
 473:Drivers/STM32F4xx_HAL_Driver/Src/stm32f4xx_hal_exti.c ****   assert_param(IS_EXTI_LINE(hexti->Line));
 474:Drivers/STM32F4xx_HAL_Driver/Src/stm32f4xx_hal_exti.c ****   assert_param(IS_EXTI_CONFIG_LINE(hexti->Line));
 475:Drivers/STM32F4xx_HAL_Driver/Src/stm32f4xx_hal_exti.c ****   assert_param(IS_EXTI_PENDING_EDGE(Edge));
 476:Drivers/STM32F4xx_HAL_Driver/Src/stm32f4xx_hal_exti.c **** 
 477:Drivers/STM32F4xx_HAL_Driver/Src/stm32f4xx_hal_exti.c ****   /* Compute line mask */
 478:Drivers/STM32F4xx_HAL_Driver/Src/stm32f4xx_hal_exti.c ****   linepos = (hexti->Line & EXTI_PIN_MASK);
 842              		.loc 1 478 19
 843 000a 7B68     		ldr	r3, [r7, #4]
 844 000c 1B68     		ldr	r3, [r3]
 845              		.loc 1 478 11
 846 000e 03F01F03 		and	r3, r3, #31
ARM GAS  C:\Users\Korolev\AppData\Local\Temp\ccQQi6dI.s 			page 24


 847 0012 7B61     		str	r3, [r7, #20]
 479:Drivers/STM32F4xx_HAL_Driver/Src/stm32f4xx_hal_exti.c ****   maskline = (1uL << linepos);
 848              		.loc 1 479 12
 849 0014 0122     		movs	r2, #1
 850 0016 7B69     		ldr	r3, [r7, #20]
 851 0018 02FA03F3 		lsl	r3, r2, r3
 852 001c 3B61     		str	r3, [r7, #16]
 480:Drivers/STM32F4xx_HAL_Driver/Src/stm32f4xx_hal_exti.c **** 
 481:Drivers/STM32F4xx_HAL_Driver/Src/stm32f4xx_hal_exti.c ****   /* return 1 if bit is set else 0 */
 482:Drivers/STM32F4xx_HAL_Driver/Src/stm32f4xx_hal_exti.c ****   regval = ((EXTI->PR & maskline) >> linepos);
 853              		.loc 1 482 18
 854 001e 074B     		ldr	r3, .L48
 855 0020 5A69     		ldr	r2, [r3, #20]
 856              		.loc 1 482 23
 857 0022 3B69     		ldr	r3, [r7, #16]
 858 0024 1A40     		ands	r2, r2, r3
 859              		.loc 1 482 10
 860 0026 7B69     		ldr	r3, [r7, #20]
 861 0028 22FA03F3 		lsr	r3, r2, r3
 862 002c FB60     		str	r3, [r7, #12]
 483:Drivers/STM32F4xx_HAL_Driver/Src/stm32f4xx_hal_exti.c ****   return regval;
 863              		.loc 1 483 10
 864 002e FB68     		ldr	r3, [r7, #12]
 484:Drivers/STM32F4xx_HAL_Driver/Src/stm32f4xx_hal_exti.c **** }
 865              		.loc 1 484 1
 866 0030 1846     		mov	r0, r3
 867 0032 1C37     		adds	r7, r7, #28
 868              		.cfi_def_cfa_offset 4
 869 0034 BD46     		mov	sp, r7
 870              		.cfi_def_cfa_register 13
 871              		@ sp needed
 872 0036 5DF8047B 		ldr	r7, [sp], #4
 873              		.cfi_restore 7
 874              		.cfi_def_cfa_offset 0
 875 003a 7047     		bx	lr
 876              	.L49:
 877              		.align	2
 878              	.L48:
 879 003c 003C0140 		.word	1073822720
 880              		.cfi_endproc
 881              	.LFE136:
 883              		.section	.text.HAL_EXTI_ClearPending,"ax",%progbits
 884              		.align	1
 885              		.global	HAL_EXTI_ClearPending
 886              		.syntax unified
 887              		.thumb
 888              		.thumb_func
 890              	HAL_EXTI_ClearPending:
 891              	.LFB137:
 485:Drivers/STM32F4xx_HAL_Driver/Src/stm32f4xx_hal_exti.c **** 
 486:Drivers/STM32F4xx_HAL_Driver/Src/stm32f4xx_hal_exti.c **** /**
 487:Drivers/STM32F4xx_HAL_Driver/Src/stm32f4xx_hal_exti.c ****   * @brief  Clear interrupt pending bit of a dedicated line.
 488:Drivers/STM32F4xx_HAL_Driver/Src/stm32f4xx_hal_exti.c ****   * @param  hexti Exti handle.
 489:Drivers/STM32F4xx_HAL_Driver/Src/stm32f4xx_hal_exti.c ****   * @param  Edge Specify which pending edge as to be clear.
 490:Drivers/STM32F4xx_HAL_Driver/Src/stm32f4xx_hal_exti.c ****   *         This parameter can be one of the following values:
 491:Drivers/STM32F4xx_HAL_Driver/Src/stm32f4xx_hal_exti.c ****   *           @arg @ref EXTI_TRIGGER_RISING_FALLING
 492:Drivers/STM32F4xx_HAL_Driver/Src/stm32f4xx_hal_exti.c ****   *         This parameter is kept for compatibility with other series.
ARM GAS  C:\Users\Korolev\AppData\Local\Temp\ccQQi6dI.s 			page 25


 493:Drivers/STM32F4xx_HAL_Driver/Src/stm32f4xx_hal_exti.c ****   * @retval None.
 494:Drivers/STM32F4xx_HAL_Driver/Src/stm32f4xx_hal_exti.c ****   */
 495:Drivers/STM32F4xx_HAL_Driver/Src/stm32f4xx_hal_exti.c **** void HAL_EXTI_ClearPending(EXTI_HandleTypeDef *hexti, uint32_t Edge)
 496:Drivers/STM32F4xx_HAL_Driver/Src/stm32f4xx_hal_exti.c **** {
 892              		.loc 1 496 1
 893              		.cfi_startproc
 894              		@ args = 0, pretend = 0, frame = 16
 895              		@ frame_needed = 1, uses_anonymous_args = 0
 896              		@ link register save eliminated.
 897 0000 80B4     		push	{r7}
 898              		.cfi_def_cfa_offset 4
 899              		.cfi_offset 7, -4
 900 0002 85B0     		sub	sp, sp, #20
 901              		.cfi_def_cfa_offset 24
 902 0004 00AF     		add	r7, sp, #0
 903              		.cfi_def_cfa_register 7
 904 0006 7860     		str	r0, [r7, #4]
 905 0008 3960     		str	r1, [r7]
 497:Drivers/STM32F4xx_HAL_Driver/Src/stm32f4xx_hal_exti.c ****   uint32_t maskline;
 498:Drivers/STM32F4xx_HAL_Driver/Src/stm32f4xx_hal_exti.c **** 
 499:Drivers/STM32F4xx_HAL_Driver/Src/stm32f4xx_hal_exti.c ****   /* Check parameters */
 500:Drivers/STM32F4xx_HAL_Driver/Src/stm32f4xx_hal_exti.c ****   assert_param(IS_EXTI_LINE(hexti->Line));
 501:Drivers/STM32F4xx_HAL_Driver/Src/stm32f4xx_hal_exti.c ****   assert_param(IS_EXTI_CONFIG_LINE(hexti->Line));
 502:Drivers/STM32F4xx_HAL_Driver/Src/stm32f4xx_hal_exti.c ****   assert_param(IS_EXTI_PENDING_EDGE(Edge));
 503:Drivers/STM32F4xx_HAL_Driver/Src/stm32f4xx_hal_exti.c **** 
 504:Drivers/STM32F4xx_HAL_Driver/Src/stm32f4xx_hal_exti.c ****   /* Compute line mask */
 505:Drivers/STM32F4xx_HAL_Driver/Src/stm32f4xx_hal_exti.c ****   maskline = (1uL << (hexti->Line & EXTI_PIN_MASK));
 906              		.loc 1 505 28
 907 000a 7B68     		ldr	r3, [r7, #4]
 908 000c 1B68     		ldr	r3, [r3]
 909              		.loc 1 505 35
 910 000e 03F01F03 		and	r3, r3, #31
 911              		.loc 1 505 12
 912 0012 0122     		movs	r2, #1
 913 0014 02FA03F3 		lsl	r3, r2, r3
 914 0018 FB60     		str	r3, [r7, #12]
 506:Drivers/STM32F4xx_HAL_Driver/Src/stm32f4xx_hal_exti.c **** 
 507:Drivers/STM32F4xx_HAL_Driver/Src/stm32f4xx_hal_exti.c ****   /* Clear Pending bit */
 508:Drivers/STM32F4xx_HAL_Driver/Src/stm32f4xx_hal_exti.c ****   EXTI->PR =  maskline;
 915              		.loc 1 508 7
 916 001a 044A     		ldr	r2, .L51
 917              		.loc 1 508 12
 918 001c FB68     		ldr	r3, [r7, #12]
 919 001e 5361     		str	r3, [r2, #20]
 509:Drivers/STM32F4xx_HAL_Driver/Src/stm32f4xx_hal_exti.c **** }
 920              		.loc 1 509 1
 921 0020 00BF     		nop
 922 0022 1437     		adds	r7, r7, #20
 923              		.cfi_def_cfa_offset 4
 924 0024 BD46     		mov	sp, r7
 925              		.cfi_def_cfa_register 13
 926              		@ sp needed
 927 0026 5DF8047B 		ldr	r7, [sp], #4
 928              		.cfi_restore 7
 929              		.cfi_def_cfa_offset 0
 930 002a 7047     		bx	lr
 931              	.L52:
ARM GAS  C:\Users\Korolev\AppData\Local\Temp\ccQQi6dI.s 			page 26


 932              		.align	2
 933              	.L51:
 934 002c 003C0140 		.word	1073822720
 935              		.cfi_endproc
 936              	.LFE137:
 938              		.section	.text.HAL_EXTI_GenerateSWI,"ax",%progbits
 939              		.align	1
 940              		.global	HAL_EXTI_GenerateSWI
 941              		.syntax unified
 942              		.thumb
 943              		.thumb_func
 945              	HAL_EXTI_GenerateSWI:
 946              	.LFB138:
 510:Drivers/STM32F4xx_HAL_Driver/Src/stm32f4xx_hal_exti.c **** 
 511:Drivers/STM32F4xx_HAL_Driver/Src/stm32f4xx_hal_exti.c **** /**
 512:Drivers/STM32F4xx_HAL_Driver/Src/stm32f4xx_hal_exti.c ****   * @brief  Generate a software interrupt for a dedicated line.
 513:Drivers/STM32F4xx_HAL_Driver/Src/stm32f4xx_hal_exti.c ****   * @param  hexti Exti handle.
 514:Drivers/STM32F4xx_HAL_Driver/Src/stm32f4xx_hal_exti.c ****   * @retval None.
 515:Drivers/STM32F4xx_HAL_Driver/Src/stm32f4xx_hal_exti.c ****   */
 516:Drivers/STM32F4xx_HAL_Driver/Src/stm32f4xx_hal_exti.c **** void HAL_EXTI_GenerateSWI(EXTI_HandleTypeDef *hexti)
 517:Drivers/STM32F4xx_HAL_Driver/Src/stm32f4xx_hal_exti.c **** {
 947              		.loc 1 517 1
 948              		.cfi_startproc
 949              		@ args = 0, pretend = 0, frame = 16
 950              		@ frame_needed = 1, uses_anonymous_args = 0
 951              		@ link register save eliminated.
 952 0000 80B4     		push	{r7}
 953              		.cfi_def_cfa_offset 4
 954              		.cfi_offset 7, -4
 955 0002 85B0     		sub	sp, sp, #20
 956              		.cfi_def_cfa_offset 24
 957 0004 00AF     		add	r7, sp, #0
 958              		.cfi_def_cfa_register 7
 959 0006 7860     		str	r0, [r7, #4]
 518:Drivers/STM32F4xx_HAL_Driver/Src/stm32f4xx_hal_exti.c ****   uint32_t maskline;
 519:Drivers/STM32F4xx_HAL_Driver/Src/stm32f4xx_hal_exti.c **** 
 520:Drivers/STM32F4xx_HAL_Driver/Src/stm32f4xx_hal_exti.c ****   /* Check parameters */
 521:Drivers/STM32F4xx_HAL_Driver/Src/stm32f4xx_hal_exti.c ****   assert_param(IS_EXTI_LINE(hexti->Line));
 522:Drivers/STM32F4xx_HAL_Driver/Src/stm32f4xx_hal_exti.c ****   assert_param(IS_EXTI_CONFIG_LINE(hexti->Line));
 523:Drivers/STM32F4xx_HAL_Driver/Src/stm32f4xx_hal_exti.c **** 
 524:Drivers/STM32F4xx_HAL_Driver/Src/stm32f4xx_hal_exti.c ****   /* Compute line mask */
 525:Drivers/STM32F4xx_HAL_Driver/Src/stm32f4xx_hal_exti.c ****   maskline = (1uL << (hexti->Line & EXTI_PIN_MASK));
 960              		.loc 1 525 28
 961 0008 7B68     		ldr	r3, [r7, #4]
 962 000a 1B68     		ldr	r3, [r3]
 963              		.loc 1 525 35
 964 000c 03F01F03 		and	r3, r3, #31
 965              		.loc 1 525 12
 966 0010 0122     		movs	r2, #1
 967 0012 02FA03F3 		lsl	r3, r2, r3
 968 0016 FB60     		str	r3, [r7, #12]
 526:Drivers/STM32F4xx_HAL_Driver/Src/stm32f4xx_hal_exti.c **** 
 527:Drivers/STM32F4xx_HAL_Driver/Src/stm32f4xx_hal_exti.c ****   /* Generate Software interrupt */
 528:Drivers/STM32F4xx_HAL_Driver/Src/stm32f4xx_hal_exti.c ****   EXTI->SWIER = maskline;
 969              		.loc 1 528 7
 970 0018 044A     		ldr	r2, .L54
 971              		.loc 1 528 15
ARM GAS  C:\Users\Korolev\AppData\Local\Temp\ccQQi6dI.s 			page 27


 972 001a FB68     		ldr	r3, [r7, #12]
 973 001c 1361     		str	r3, [r2, #16]
 529:Drivers/STM32F4xx_HAL_Driver/Src/stm32f4xx_hal_exti.c **** }
 974              		.loc 1 529 1
 975 001e 00BF     		nop
 976 0020 1437     		adds	r7, r7, #20
 977              		.cfi_def_cfa_offset 4
 978 0022 BD46     		mov	sp, r7
 979              		.cfi_def_cfa_register 13
 980              		@ sp needed
 981 0024 5DF8047B 		ldr	r7, [sp], #4
 982              		.cfi_restore 7
 983              		.cfi_def_cfa_offset 0
 984 0028 7047     		bx	lr
 985              	.L55:
 986 002a 00BF     		.align	2
 987              	.L54:
 988 002c 003C0140 		.word	1073822720
 989              		.cfi_endproc
 990              	.LFE138:
 992              		.text
 993              	.Letext0:
ARM GAS  C:\Users\Korolev\AppData\Local\Temp\ccQQi6dI.s 			page 28


DEFINED SYMBOLS
                            *ABS*:00000000 stm32f4xx_hal_exti.c
C:\Users\Korolev\AppData\Local\Temp\ccQQi6dI.s:21     .text.HAL_EXTI_SetConfigLine:00000000 $t
C:\Users\Korolev\AppData\Local\Temp\ccQQi6dI.s:27     .text.HAL_EXTI_SetConfigLine:00000000 HAL_EXTI_SetConfigLine
C:\Users\Korolev\AppData\Local\Temp\ccQQi6dI.s:273    .text.HAL_EXTI_SetConfigLine:00000148 $d
C:\Users\Korolev\AppData\Local\Temp\ccQQi6dI.s:279    .text.HAL_EXTI_GetConfigLine:00000000 $t
C:\Users\Korolev\AppData\Local\Temp\ccQQi6dI.s:285    .text.HAL_EXTI_GetConfigLine:00000000 HAL_EXTI_GetConfigLine
C:\Users\Korolev\AppData\Local\Temp\ccQQi6dI.s:466    .text.HAL_EXTI_GetConfigLine:000000ec $d
C:\Users\Korolev\AppData\Local\Temp\ccQQi6dI.s:472    .text.HAL_EXTI_ClearConfigLine:00000000 $t
C:\Users\Korolev\AppData\Local\Temp\ccQQi6dI.s:478    .text.HAL_EXTI_ClearConfigLine:00000000 HAL_EXTI_ClearConfigLine
C:\Users\Korolev\AppData\Local\Temp\ccQQi6dI.s:626    .text.HAL_EXTI_ClearConfigLine:000000b8 $d
C:\Users\Korolev\AppData\Local\Temp\ccQQi6dI.s:632    .text.HAL_EXTI_RegisterCallback:00000000 $t
C:\Users\Korolev\AppData\Local\Temp\ccQQi6dI.s:638    .text.HAL_EXTI_RegisterCallback:00000000 HAL_EXTI_RegisterCallback
C:\Users\Korolev\AppData\Local\Temp\ccQQi6dI.s:693    .text.HAL_EXTI_GetHandle:00000000 $t
C:\Users\Korolev\AppData\Local\Temp\ccQQi6dI.s:699    .text.HAL_EXTI_GetHandle:00000000 HAL_EXTI_GetHandle
C:\Users\Korolev\AppData\Local\Temp\ccQQi6dI.s:745    .text.HAL_EXTI_IRQHandler:00000000 $t
C:\Users\Korolev\AppData\Local\Temp\ccQQi6dI.s:751    .text.HAL_EXTI_IRQHandler:00000000 HAL_EXTI_IRQHandler
C:\Users\Korolev\AppData\Local\Temp\ccQQi6dI.s:815    .text.HAL_EXTI_IRQHandler:00000044 $d
C:\Users\Korolev\AppData\Local\Temp\ccQQi6dI.s:820    .text.HAL_EXTI_GetPending:00000000 $t
C:\Users\Korolev\AppData\Local\Temp\ccQQi6dI.s:826    .text.HAL_EXTI_GetPending:00000000 HAL_EXTI_GetPending
C:\Users\Korolev\AppData\Local\Temp\ccQQi6dI.s:879    .text.HAL_EXTI_GetPending:0000003c $d
C:\Users\Korolev\AppData\Local\Temp\ccQQi6dI.s:884    .text.HAL_EXTI_ClearPending:00000000 $t
C:\Users\Korolev\AppData\Local\Temp\ccQQi6dI.s:890    .text.HAL_EXTI_ClearPending:00000000 HAL_EXTI_ClearPending
C:\Users\Korolev\AppData\Local\Temp\ccQQi6dI.s:934    .text.HAL_EXTI_ClearPending:0000002c $d
C:\Users\Korolev\AppData\Local\Temp\ccQQi6dI.s:939    .text.HAL_EXTI_GenerateSWI:00000000 $t
C:\Users\Korolev\AppData\Local\Temp\ccQQi6dI.s:945    .text.HAL_EXTI_GenerateSWI:00000000 HAL_EXTI_GenerateSWI
C:\Users\Korolev\AppData\Local\Temp\ccQQi6dI.s:988    .text.HAL_EXTI_GenerateSWI:0000002c $d

NO UNDEFINED SYMBOLS
